2023-05-25 13:39:23.993 [info] Reading sessions from secret storage...
2023-05-25 13:39:23.993 [info] Got 0 stored sessions
2023-05-25 13:39:23.994 [info] Getting sessions for all scopes...
2023-05-25 13:39:23.994 [info] Got 0 sessions for all scopes...
2023-05-25 13:39:23.994 [info] Getting sessions for the following scopes: email offline_access openid profile
2023-05-25 13:39:23.995 [info] Got 0 sessions for scopes: email offline_access openid profile
2023-05-25 13:42:05.810 [info] Reading sessions from secret storage...
2023-05-25 13:42:05.810 [info] Got 0 stored sessions
2023-05-25 13:42:05.810 [info] Getting sessions for all scopes...
2023-05-25 13:42:05.810 [info] Got 0 sessions for all scopes...
2023-05-25 13:42:05.810 [info] Getting sessions for the following scopes: email offline_access openid profile
2023-05-25 13:42:05.811 [info] Got 0 sessions for scopes: email offline_access openid profile
2023-05-25 14:13:37.349 [info] Reading sessions from secret storage...
2023-05-25 14:13:37.349 [info] Got 0 stored sessions
2023-05-25 14:13:37.367 [info] Getting sessions for all scopes...
2023-05-25 14:13:37.367 [info] Got 0 sessions for all scopes...
2023-05-25 14:13:37.368 [info] Getting sessions for the following scopes: email offline_access openid profile
2023-05-25 14:13:37.368 [info] Got 0 sessions for scopes: email offline_access openid profile
2023-05-25 14:17:56.935 [info] Reading sessions from secret storage...
2023-05-25 14:17:56.935 [info] Got 0 stored sessions
2023-05-25 14:17:56.960 [info] Getting sessions for all scopes...
2023-05-25 14:17:56.960 [info] Got 0 sessions for all scopes...
2023-05-25 14:17:56.961 [info] Getting sessions for the following scopes: email offline_access openid profile
2023-05-25 14:17:56.961 [info] Got 0 sessions for scopes: email offline_access openid profile
