2023-05-25 13:39:24.018 [info] Log level: Info
2023-05-25 13:39:24.018 [info] Validating found git in: "git"
2023-05-25 13:39:24.018 [info] Using git "2.40.1" from "git"
2023-05-25 13:42:17.039 [info] Log level: Info
2023-05-25 13:42:17.039 [info] Validating found git in: "git"
2023-05-25 13:42:17.039 [info] Using git "2.40.1" from "git"
2023-05-25 13:42:17.133 [info] > git rev-parse --show-toplevel [104ms]
2023-05-25 13:42:17.143 [info] > git rev-parse --git-dir --git-common-dir [2ms]
2023-05-25 13:42:17.163 [info] Open repository: /home/k1bas4r0/Escritorio/cursojs/Addtodo
2023-05-25 13:42:17.175 [info] > git rev-parse --show-toplevel [6ms]
2023-05-25 13:42:17.180 [info] > git config --get commit.template [5ms]
2023-05-25 13:42:17.409 [info] > git for-each-ref --format=%(refname)%00%(upstream:short)%00%(objectname)%00%(upstream:track)%00%(upstream:remotename)%00%(upstream:remoteref) refs/heads/main refs/remotes/main [211ms]
2023-05-25 13:42:17.693 [info] > git status -z -uall [276ms]
2023-05-25 13:42:17.693 [info] > git check-ignore -v -z --stdin [3ms]
2023-05-25 13:42:17.709 [info] > git config --get commit.template [1ms]
2023-05-25 13:42:17.714 [info] > git for-each-ref --format=%(refname)%00%(upstream:short)%00%(objectname)%00%(upstream:track)%00%(upstream:remotename)%00%(upstream:remoteref) refs/heads/main refs/remotes/main [1ms]
2023-05-25 13:42:17.720 [info] > git status -z -uall [1ms]
2023-05-25 13:42:22.159 [info] > git ls-files --stage -- /home/k1bas4r0/Escritorio/cursojs/Addtodo/index.html [1ms]
2023-05-25 13:42:22.263 [info] > git show --textconv :index.html [109ms]
2023-05-25 13:42:22.264 [info] > git cat-file -s 903e0ad7a429b233cf4918139df18232ae43de24 [99ms]
2023-05-25 13:42:23.066 [info] > git show --textconv :index.js [11ms]
2023-05-25 13:42:23.066 [info] > git ls-files --stage -- /home/k1bas4r0/Escritorio/cursojs/Addtodo/index.js [3ms]
2023-05-25 13:42:23.074 [info] > git cat-file -s 70e2abc4183966e3a7ae4818107896b0503a1885 [1ms]
2023-05-25 13:47:05.088 [info] > git show --textconv :index.html [8ms]
2023-05-25 13:47:05.090 [info] > git ls-files --stage -- /home/k1bas4r0/Escritorio/cursojs/Addtodo/index.html [3ms]
2023-05-25 13:47:05.096 [info] > git cat-file -s 903e0ad7a429b233cf4918139df18232ae43de24 [1ms]
2023-05-25 14:13:38.192 [info] Log level: Info
2023-05-25 14:13:38.192 [info] Validating found git in: "git"
2023-05-25 14:13:38.254 [info] Using git "2.40.1" from "git"
2023-05-25 14:13:38.322 [info] > git rev-parse --show-toplevel [51ms]
2023-05-25 14:13:38.531 [info] > git rev-parse --git-dir --git-common-dir [33ms]
2023-05-25 14:13:38.547 [info] Open repository: /home/k1bas4r0/Escritorio/cursojs/Addtodo
2023-05-25 14:13:38.579 [info] > git rev-parse --show-toplevel [20ms]
2023-05-25 14:13:38.589 [info] > git config --get commit.template [10ms]
2023-05-25 14:13:38.621 [info] > git for-each-ref --format=%(refname)%00%(upstream:short)%00%(objectname)%00%(upstream:track)%00%(upstream:remotename)%00%(upstream:remoteref) refs/heads/main refs/remotes/main [23ms]
2023-05-25 14:13:38.652 [info] > git status -z -uall [22ms]
2023-05-25 14:13:38.667 [info] > git config --get commit.template [2ms]
2023-05-25 14:13:38.676 [info] > git for-each-ref --format=%(refname)%00%(upstream:short)%00%(objectname)%00%(upstream:track)%00%(upstream:remotename)%00%(upstream:remoteref) refs/heads/main refs/remotes/main [1ms]
2023-05-25 14:13:38.691 [info] > git status -z -uall [3ms]
2023-05-25 14:13:39.199 [info] > git check-ignore -v -z --stdin [1ms]
2023-05-25 14:14:23.030 [info] > git ls-files --stage -- /home/k1bas4r0/Escritorio/cursojs/Addtodo/index.js [20ms]
2023-05-25 14:14:23.054 [info] > git show --textconv :index.js [56ms]
2023-05-25 14:14:23.055 [info] > git cat-file -s 70e2abc4183966e3a7ae4818107896b0503a1885 [15ms]
2023-05-25 14:16:02.720 [info] > git show --textconv :index.html [9ms]
2023-05-25 14:16:02.721 [info] > git ls-files --stage -- /home/k1bas4r0/Escritorio/cursojs/Addtodo/index.html [2ms]
2023-05-25 14:16:02.729 [info] > git cat-file -s 903e0ad7a429b233cf4918139df18232ae43de24 [2ms]
2023-05-25 14:16:12.153 [info] > git check-ignore -v -z --stdin [1ms]
2023-05-25 14:16:13.916 [info] > git show --textconv :index.js [10ms]
2023-05-25 14:16:13.917 [info] > git ls-files --stage -- /home/k1bas4r0/Escritorio/cursojs/Addtodo/index.js [2ms]
2023-05-25 14:16:13.924 [info] > git cat-file -s 70e2abc4183966e3a7ae4818107896b0503a1885 [1ms]
2023-05-25 14:17:28.686 [info] > git check-ignore -v -z --stdin [2ms]
2023-05-25 14:17:28.814 [info] > git config --get commit.template [4ms]
2023-05-25 14:17:28.824 [info] > git for-each-ref --format=%(refname)%00%(upstream:short)%00%(objectname)%00%(upstream:track)%00%(upstream:remotename)%00%(upstream:remoteref) refs/heads/main refs/remotes/main [1ms]
2023-05-25 14:17:28.830 [info] > git status -z -uall [1ms]
2023-05-25 14:17:51.512 [info] > git config --get commit.template [12ms]
2023-05-25 14:17:51.513 [info] > git for-each-ref --format=%(refname)%00%(upstream:short)%00%(objectname)%00%(upstream:track)%00%(upstream:remotename)%00%(upstream:remoteref) refs/heads/main refs/remotes/main [3ms]
2023-05-25 14:17:51.523 [info] > git status -z -uall [2ms]
2023-05-25 14:17:57.141 [info] Log level: Info
2023-05-25 14:17:57.142 [info] Validating found git in: "git"
2023-05-25 14:17:57.142 [info] Using git "2.40.1" from "git"
2023-05-25 14:17:57.142 [info] > git rev-parse --show-toplevel [3ms]
2023-05-25 14:17:57.142 [info] > git rev-parse --git-dir --git-common-dir [3ms]
2023-05-25 14:17:57.142 [info] Open repository: /home/k1bas4r0/Escritorio/cursojs/Addtodo
2023-05-25 14:17:57.142 [info] > git rev-parse --show-toplevel [58ms]
2023-05-25 14:17:57.142 [info] > git rev-parse --show-toplevel [70ms]
2023-05-25 14:17:57.142 [info] > git config --get commit.template [81ms]
2023-05-25 14:17:57.165 [info] > git for-each-ref --format=%(refname)%00%(upstream:short)%00%(objectname)%00%(upstream:track)%00%(upstream:remotename)%00%(upstream:remoteref) refs/heads/main refs/remotes/main [1ms]
2023-05-25 14:17:57.175 [info] > git status -z -uall [3ms]
2023-05-25 14:17:57.205 [info] > git config --get commit.template [3ms]
2023-05-25 14:17:57.212 [info] > git for-each-ref --format=%(refname)%00%(upstream:short)%00%(objectname)%00%(upstream:track)%00%(upstream:remotename)%00%(upstream:remoteref) refs/heads/main refs/remotes/main [1ms]
2023-05-25 14:17:57.220 [info] > git status -z -uall [2ms]
2023-05-25 14:17:57.659 [info] > git check-ignore -v -z --stdin [4ms]
2023-05-25 14:17:57.865 [info] > git show --textconv :index.js [14ms]
2023-05-25 14:17:57.866 [info] > git ls-files --stage -- /home/k1bas4r0/Escritorio/cursojs/Addtodo/index.js [3ms]
2023-05-25 14:17:57.880 [info] > git cat-file -s 70e2abc4183966e3a7ae4818107896b0503a1885 [3ms]
