2023-05-25 14:00:29.381 [info] Active editor: file:///home/k1bas4r0/Escritorio/cursojs/Addtodo/index.js
2023-05-25 14:00:32.948 [info] Active editor: vscode-userdata:/home/k1bas4r0/.config/Code/User/settings.json
2023-05-25 14:00:33.602 [info] Active editor: file:///home/k1bas4r0/Escritorio/cursojs/Addtodo/index.js
2023-05-25 14:00:36.367 [info] Active editor: file:///home/k1bas4r0/Escritorio/cursojs/Addtodo/index.js
2023-05-25 14:00:48.111 [info] Configuration changed
2023-05-25 14:01:20.446 [info] Active editor: file:///home/k1bas4r0/Escritorio/cursojs/Addtodo/index.html
2023-05-25 14:01:30.437 [info] Active editor: file:///home/k1bas4r0/Escritorio/cursojs/Addtodo/index.js
2023-05-25 14:01:40.943 [info] /settings/user closed
2023-05-25 14:01:41.103 [info] /settings/resourceLanguage closed
2023-05-25 14:01:41.104 [info] /ignoredSettings closed
2023-05-25 14:01:41.227 [info] /launch closed
2023-05-25 14:01:41.338 [info] /token-styling closed
2023-05-25 14:01:41.339 [info] /textmate-colors closed
2023-05-25 14:01:41.339 [info] /workbench-colors closed
2023-05-25 14:03:24.152 [info] Active editor: vscode-userdata:/home/k1bas4r0/.config/Code/User/settings.json
2023-05-25 14:03:26.841 [info] Active editor: vscode-userdata:/home/k1bas4r0/.config/Code/User/settings.json
2023-05-25 14:03:29.318 [info] Active editor: file:///home/k1bas4r0/Escritorio/cursojs/Addtodo/index.js
2023-05-25 14:03:36.470 [info] Configuration changed
2023-05-25 14:04:36.005 [info] Active editor: file:///home/k1bas4r0/Escritorio/cursojs/Addtodo/index.js
2023-05-25 14:04:41.017 [info] /settings/user closed
2023-05-25 14:04:41.159 [info] /settings/resourceLanguage closed
2023-05-25 14:04:41.160 [info] /ignoredSettings closed
2023-05-25 14:04:41.287 [info] /launch closed
2023-05-25 14:04:41.433 [info] /token-styling closed
2023-05-25 14:04:41.434 [info] /textmate-colors closed
2023-05-25 14:04:41.440 [info] /workbench-colors closed
2023-05-25 14:05:35.773 [info] Configuration changed
2023-05-25 14:06:51.477 [info] Configuration changed
2023-05-25 14:06:52.944 [info] Configuration changed
2023-05-25 14:07:25.324 [info] Configuration changed
2023-05-25 14:07:41.060 [info] /settings/user closed
2023-05-25 14:07:41.216 [info] /settings/resourceLanguage closed
2023-05-25 14:07:41.218 [info] /ignoredSettings closed
2023-05-25 14:07:41.351 [info] /launch closed
2023-05-25 14:07:41.493 [info] /token-styling closed
2023-05-25 14:07:41.494 [info] /textmate-colors closed
2023-05-25 14:07:41.593 [info] /workbench-colors closed
2023-05-25 14:07:59.203 [info] Active editor: file:///home/k1bas4r0/Escritorio/cursojs/Addtodo/index.js
2023-05-25 14:08:06.465 [info] Configuration changed
2023-05-25 14:08:07.013 [info] Configuration changed
2023-05-25 14:08:38.426 [info] Active editor: file:///home/k1bas4r0/Escritorio/cursojs/Addtodo/index.js
2023-05-25 14:08:49.916 [info] Active editor: output:rendererLog
2023-05-25 14:09:56.458 [info] Active editor: file:///home/k1bas4r0/Escritorio/cursojs/Addtodo/index.js
2023-05-25 14:10:41.100 [info] /settings/user closed
2023-05-25 14:10:41.267 [info] /settings/resourceLanguage closed
2023-05-25 14:10:41.269 [info] /ignoredSettings closed
2023-05-25 14:10:41.437 [info] /launch closed
2023-05-25 14:10:41.577 [info] /token-styling closed
2023-05-25 14:10:41.578 [info] /textmate-colors closed
2023-05-25 14:10:41.681 [info] /workbench-colors closed
2023-05-25 14:10:47.878 [info] /home/k1bas4r0/.config/Code/User/keybindings.json closed
2023-05-25 14:10:51.874 [info] Active editor: file:///home/k1bas4r0/Escritorio/cursojs/Addtodo/index.js
2023-05-25 14:14:22.569 [info] Active editor: file:///home/k1bas4r0/Escritorio/cursojs/Addtodo/index.js
2023-05-25 14:14:59.142 [info] /home/k1bas4r0/.config/Code/User/keybindings.json closed
2023-05-25 14:15:42.226 [info] /home/k1bas4r0/.config/Code/User/keybindings.json closed
2023-05-25 14:15:45.982 [info] Active editor: file:///home/k1bas4r0/Escritorio/cursojs/Addtodo/index.js
2023-05-25 14:15:59.862 [info] Active editor: file:///home/k1bas4r0/Escritorio/cursojs/Addtodo/index.js
2023-05-25 14:16:01.404 [info] Active editor: file:///home/k1bas4r0/Escritorio/cursojs/Addtodo/index.js
2023-05-25 14:16:02.465 [info] Active editor: file:///home/k1bas4r0/Escritorio/cursojs/Addtodo/index.html
2023-05-25 14:16:05.600 [info] /home/k1bas4r0/Escritorio/cursojs/Addtodo/index.html closed
2023-05-25 14:16:05.601 [info] /home/k1bas4r0/Escritorio/cursojs/Addtodo/index.html.git closed
2023-05-25 14:16:05.607 [info] Active editor: file:///home/k1bas4r0/Escritorio/cursojs/Addtodo/index.js
2023-05-25 14:16:07.893 [info] /home/k1bas4r0/Escritorio/cursojs/Addtodo/index.js closed
2023-05-25 14:16:07.893 [info] /home/k1bas4r0/Escritorio/cursojs/Addtodo/index.js.git closed
2023-05-25 14:16:07.914 [info] Active editor: vscode-userdata:/home/k1bas4r0/.config/Code/User/settings.json
2023-05-25 14:16:09.229 [info] rendererLog closed
2023-05-25 14:16:13.681 [info] Active editor: file:///home/k1bas4r0/Escritorio/cursojs/Addtodo/index.js
2023-05-25 14:16:14.754 [info] Active editor: vscode-userdata:/home/k1bas4r0/.config/Code/User/settings.json
2023-05-25 14:16:15.210 [info] /home/k1bas4r0/.config/Code/User/settings.json closed
2023-05-25 14:16:15.220 [info] Active editor: file:///home/k1bas4r0/Escritorio/cursojs/Addtodo/index.js
2023-05-25 14:16:17.408 [info] Active editor: file:///home/k1bas4r0/Escritorio/cursojs/Addtodo/index.js
2023-05-25 14:17:27.702 [info] /home/k1bas4r0/Escritorio/cursojs/Addtodo/.vscode/settings.json closed
2023-05-25 14:17:27.743 [info] Configuration changed
2023-05-25 14:17:50.447 [info] /home/k1bas4r0/Escritorio/cursojs/Addtodo/.vscode/settings.json closed
2023-05-25 14:17:50.479 [info] Configuration changed
2023-05-25 14:17:57.137 [info] Configuration changed
2023-05-25 14:17:57.183 [info] Active editor: file:///home/k1bas4r0/Escritorio/cursojs/Addtodo/index.js
2023-05-25 14:17:58.140 [info] Configuration changed
2023-05-25 14:18:12.435 [info] /home/k1bas4r0/.config/Code/User/settings.json closed
2023-05-25 14:18:12.473 [info] Configuration changed
2023-05-25 14:19:14.105 [info] Configuration changed
