2023-05-25 13:39:23.618 [info] Extension host with pid 83403 started
2023-05-25 13:39:23.715 [info] ExtensionService#_doActivateExtension vscode.github-authentication, startup: false, activationEvent: 'onAuthenticationRequest:github'
2023-05-25 13:39:23.792 [info] ExtensionService#_doActivateExtension vscode.git-base, startup: true, activationEvent: '*', root cause: vscode.git
2023-05-25 13:39:23.796 [info] ExtensionService#_doActivateExtension vscode.microsoft-authentication, startup: false, activationEvent: 'onAuthenticationRequest:microsoft'
2023-05-25 13:39:23.837 [info] ExtensionService#_doActivateExtension vscode.git, startup: true, activationEvent: '*'
2023-05-25 13:39:23.916 [info] ExtensionService#_doActivateExtension vscode.github, startup: true, activationEvent: '*'
2023-05-25 13:39:24.018 [info] Eager extensions activated
2023-05-25 13:39:24.028 [info] ExtensionService#_doActivateExtension vscode.debug-auto-launch, startup: false, activationEvent: 'onStartupFinished'
2023-05-25 13:39:24.030 [info] ExtensionService#_doActivateExtension vscode.merge-conflict, startup: false, activationEvent: 'onStartupFinished'
2023-05-25 13:42:03.989 [info] Extension host terminating: renderer closed the MessagePort
2023-05-25 13:42:03.996 [info] Extension host with pid 83403 exiting with code 0
2023-05-25 13:42:04.850 [info] Extension host with pid 84499 started
2023-05-25 13:42:04.850 [info] Skipping acquiring lock for /home/k1bas4r0/.config/Code/User/workspaceStorage/fb589629ffe57c342238577138499adb.
2023-05-25 13:42:04.883 [info] ExtensionService#_doActivateExtension vscode.git-base, startup: true, activationEvent: '*'
2023-05-25 13:42:04.894 [info] ExtensionService#_doActivateExtension vscode.github, startup: true, activationEvent: '*'
2023-05-25 13:42:04.900 [info] Eager extensions activated
2023-05-25 13:42:04.901 [info] ExtensionService#_doActivateExtension vscode.debug-auto-launch, startup: false, activationEvent: 'onStartupFinished'
2023-05-25 13:42:04.903 [info] ExtensionService#_doActivateExtension vscode.merge-conflict, startup: false, activationEvent: 'onStartupFinished'
2023-05-25 13:42:05.677 [info] ExtensionService#_doActivateExtension vscode.github-authentication, startup: false, activationEvent: 'onAuthenticationRequest:github'
2023-05-25 13:42:05.789 [info] ExtensionService#_doActivateExtension vscode.microsoft-authentication, startup: false, activationEvent: 'onAuthenticationRequest:microsoft'
2023-05-25 13:42:16.965 [info] ExtensionService#_doActivateExtension vscode.git, startup: false, activationEvent: 'api', root cause: vscode.github
2023-05-25 13:42:20.206 [info] ExtensionService#_doActivateExtension vscode.media-preview, startup: false, activationEvent: 'onCustomEditor:imagePreview.previewEditor'
2023-05-25 13:42:21.664 [info] ExtensionService#_doActivateExtension vscode.html-language-features, startup: false, activationEvent: 'onLanguage:html'
2023-05-25 13:42:21.786 [info] ExtensionService#_doActivateExtension vscode.emmet, startup: false, activationEvent: 'onLanguage'
2023-05-25 13:42:22.734 [info] ExtensionService#_doActivateExtension vscode.typescript-language-features, startup: false, activationEvent: 'onLanguage:javascript'
2023-05-25 13:46:19.283 [info] ExtensionService#_doActivateExtension vscode.json-language-features, startup: false, activationEvent: 'onLanguage:jsonc'
2023-05-25 13:54:44.723 [info] ExtensionService#_doActivateExtension zhuangtongfa.material-theme, startup: false, activationEvent: 'onStartupFinished'
2023-05-25 13:58:17.360 [info] ExtensionService#_doActivateExtension PKief.material-icon-theme, startup: false, activationEvent: 'onStartupFinished'
2023-05-25 13:58:39.044 [info] ExtensionService#_doActivateExtension usernamehw.errorlens, startup: false, activationEvent: 'onStartupFinished'
2023-05-25 13:59:56.785 [info] ExtensionService#_doActivateExtension anteprimorac.html-end-tag-labels, startup: false, activationEvent: 'onLanguage:html'
2023-05-25 14:00:12.871 [info] ExtensionService#_doActivateExtension vscodevim.vim, startup: false, activationEvent: '*'
2023-05-25 14:00:14.027 [error] Error: ENOENT: no such file or directory, open '/home/k1bas4r0/.config/Code/User/globalStorage/vscodevim.vim/.registers'
2023-05-25 14:00:48.290 [info] ExtensionService#_doActivateExtension esbenp.prettier-vscode, startup: false, activationEvent: 'onStartupFinished'
2023-05-25 14:05:36.072 [info] ExtensionService#_doActivateExtension vincaslt.highlight-matching-tag, startup: false, activationEvent: '*'
2023-05-25 14:07:25.632 [info] ExtensionService#_doActivateExtension evgeniypeshkov.syntax-highlighter, startup: false, activationEvent: 'onLanguage:typescript'
2023-05-25 14:08:07.184 [info] ExtensionService#_doActivateExtension ms-python.python, startup: false, activationEvent: 'onWalkthrough:pythonWelcome'
2023-05-25 14:08:09.761 [info] ExtensionService#_doActivateExtension ms-python.vscode-pylance, startup: false, activationEvent: 'api', root cause: ms-python.python
2023-05-25 14:10:02.295 [error] SyntaxError: Unexpected token, expected "{" (8:26)
	at instantiate (/home/k1bas4r0/.vscode/extensions/anteprimorac.html-end-tag-labels-0.11.0/node_modules/@babel/parser/lib/index.js:64:32)
	at constructor (/home/k1bas4r0/.vscode/extensions/anteprimorac.html-end-tag-labels-0.11.0/node_modules/@babel/parser/lib/index.js:364:12)
	at JSXParserMixin.raise (/home/k1bas4r0/.vscode/extensions/anteprimorac.html-end-tag-labels-0.11.0/node_modules/@babel/parser/lib/index.js:3253:19)
	at JSXParserMixin.unexpected (/home/k1bas4r0/.vscode/extensions/anteprimorac.html-end-tag-labels-0.11.0/node_modules/@babel/parser/lib/index.js:3283:16)
	at JSXParserMixin.expect (/home/k1bas4r0/.vscode/extensions/anteprimorac.html-end-tag-labels-0.11.0/node_modules/@babel/parser/lib/index.js:3629:28)
	at JSXParserMixin.parseBlock (/home/k1bas4r0/.vscode/extensions/anteprimorac.html-end-tag-labels-0.11.0/node_modules/@babel/parser/lib/index.js:13097:10)
	at JSXParserMixin.parseFunctionBody (/home/k1bas4r0/.vscode/extensions/anteprimorac.html-end-tag-labels-0.11.0/node_modules/@babel/parser/lib/index.js:11911:24)
	at JSXParserMixin.parseFunctionBodyAndFinish (/home/k1bas4r0/.vscode/extensions/anteprimorac.html-end-tag-labels-0.11.0/node_modules/@babel/parser/lib/index.js:11897:10)
	at /home/k1bas4r0/.vscode/extensions/anteprimorac.html-end-tag-labels-0.11.0/node_modules/@babel/parser/lib/index.js:13256:12
	at JSXParserMixin.withSmartMixTopicForbiddingContext (/home/k1bas4r0/.vscode/extensions/anteprimorac.html-end-tag-labels-0.11.0/node_modules/@babel/parser/lib/index.js:12221:14)
	at JSXParserMixin.parseFunction (/home/k1bas4r0/.vscode/extensions/anteprimorac.html-end-tag-labels-0.11.0/node_modules/@babel/parser/lib/index.js:13255:10)
	at JSXParserMixin.parseFunctionStatement (/home/k1bas4r0/.vscode/extensions/anteprimorac.html-end-tag-labels-0.11.0/node_modules/@babel/parser/lib/index.js:12915:17)
	at JSXParserMixin.parseStatementContent (/home/k1bas4r0/.vscode/extensions/anteprimorac.html-end-tag-labels-0.11.0/node_modules/@babel/parser/lib/index.js:12574:21)
	at JSXParserMixin.parseStatementLike (/home/k1bas4r0/.vscode/extensions/anteprimorac.html-end-tag-labels-0.11.0/node_modules/@babel/parser/lib/index.js:12548:17)
	at JSXParserMixin.parseStatementListItem (/home/k1bas4r0/.vscode/extensions/anteprimorac.html-end-tag-labels-0.11.0/node_modules/@babel/parser/lib/index.js:12528:17)
	at JSXParserMixin.parseBlockOrModuleBlockBody (/home/k1bas4r0/.vscode/extensions/anteprimorac.html-end-tag-labels-0.11.0/node_modules/@babel/parser/lib/index.js:13120:61)
	at JSXParserMixin.parseBlockBody (/home/k1bas4r0/.vscode/extensions/anteprimorac.html-end-tag-labels-0.11.0/node_modules/@babel/parser/lib/index.js:13113:10)
	at JSXParserMixin.parseBlock (/home/k1bas4r0/.vscode/extensions/anteprimorac.html-end-tag-labels-0.11.0/node_modules/@babel/parser/lib/index.js:13101:10)
	at JSXParserMixin.parseFunctionBody (/home/k1bas4r0/.vscode/extensions/anteprimorac.html-end-tag-labels-0.11.0/node_modules/@babel/parser/lib/index.js:11911:24)
	at JSXParserMixin.parseFunctionBodyAndFinish (/home/k1bas4r0/.vscode/extensions/anteprimorac.html-end-tag-labels-0.11.0/node_modules/@babel/parser/lib/index.js:11897:10)
	at /home/k1bas4r0/.vscode/extensions/anteprimorac.html-end-tag-labels-0.11.0/node_modules/@babel/parser/lib/index.js:13256:12
	at JSXParserMixin.withSmartMixTopicForbiddingContext (/home/k1bas4r0/.vscode/extensions/anteprimorac.html-end-tag-labels-0.11.0/node_modules/@babel/parser/lib/index.js:12221:14)
	at JSXParserMixin.parseFunction (/home/k1bas4r0/.vscode/extensions/anteprimorac.html-end-tag-labels-0.11.0/node_modules/@babel/parser/lib/index.js:13255:10)
	at JSXParserMixin.parseFunctionOrFunctionSent (/home/k1bas4r0/.vscode/extensions/anteprimorac.html-end-tag-labels-0.11.0/node_modules/@babel/parser/lib/index.js:11376:17)
	at JSXParserMixin.parseExprAtom (/home/k1bas4r0/.vscode/extensions/anteprimorac.html-end-tag-labels-0.11.0/node_modules/@babel/parser/lib/index.js:11149:21)
	at JSXParserMixin.parseExprAtom (/home/k1bas4r0/.vscode/extensions/anteprimorac.html-end-tag-labels-0.11.0/node_modules/@babel/parser/lib/index.js:6992:20)
	at JSXParserMixin.parseExprSubscripts (/home/k1bas4r0/.vscode/extensions/anteprimorac.html-end-tag-labels-0.11.0/node_modules/@babel/parser/lib/index.js:10859:23)
	at JSXParserMixin.parseUpdate (/home/k1bas4r0/.vscode/extensions/anteprimorac.html-end-tag-labels-0.11.0/node_modules/@babel/parser/lib/index.js:10842:21)
	at JSXParserMixin.parseMaybeUnary (/home/k1bas4r0/.vscode/extensions/anteprimorac.html-end-tag-labels-0.11.0/node_modules/@babel/parser/lib/index.js:10818:23)
	at JSXParserMixin.parseMaybeUnaryOrPrivate (/home/k1bas4r0/.vscode/extensions/anteprimorac.html-end-tag-labels-0.11.0/node_modules/@babel/parser/lib/index.js:10656:61)
	at JSXParserMixin.parseExprOps (/home/k1bas4r0/.vscode/extensions/anteprimorac.html-end-tag-labels-0.11.0/node_modules/@babel/parser/lib/index.js:10661:23)
	at JSXParserMixin.parseMaybeConditional (/home/k1bas4r0/.vscode/extensions/anteprimorac.html-end-tag-labels-0.11.0/node_modules/@babel/parser/lib/index.js:10638:23)
	at JSXParserMixin.parseMaybeAssign (/home/k1bas4r0/.vscode/extensions/anteprimorac.html-end-tag-labels-0.11.0/node_modules/@babel/parser/lib/index.js:10599:21)
	at /home/k1bas4r0/.vscode/extensions/anteprimorac.html-end-tag-labels-0.11.0/node_modules/@babel/parser/lib/index.js:10569:39
	at JSXParserMixin.allowInAnd (/home/k1bas4r0/.vscode/extensions/anteprimorac.html-end-tag-labels-0.11.0/node_modules/@babel/parser/lib/index.js:12244:12)
	at JSXParserMixin.parseMaybeAssignAllowIn (/home/k1bas4r0/.vscode/extensions/anteprimorac.html-end-tag-labels-0.11.0/node_modules/@babel/parser/lib/index.js:10569:17)
	at JSXParserMixin.parseExprListItem (/home/k1bas4r0/.vscode/extensions/anteprimorac.html-end-tag-labels-0.11.0/node_modules/@babel/parser/lib/index.js:11996:18)
	at JSXParserMixin.parseCallExpressionArguments (/home/k1bas4r0/.vscode/extensions/anteprimorac.html-end-tag-labels-0.11.0/node_modules/@babel/parser/lib/index.js:11051:22)
	at JSXParserMixin.parseCoverCallAndAsyncArrowHead (/home/k1bas4r0/.vscode/extensions/anteprimorac.html-end-tag-labels-0.11.0/node_modules/@babel/parser/lib/index.js:10966:29)
	at JSXParserMixin.parseSubscript (/home/k1bas4r0/.vscode/extensions/anteprimorac.html-end-tag-labels-0.11.0/node_modules/@babel/parser/lib/index.js:10901:19)
	at JSXParserMixin.parseSubscripts (/home/k1bas4r0/.vscode/extensions/anteprimorac.html-end-tag-labels-0.11.0/node_modules/@babel/parser/lib/index.js:10872:19)
	at JSXParserMixin.parseExprSubscripts (/home/k1bas4r0/.vscode/extensions/anteprimorac.html-end-tag-labels-0.11.0/node_modules/@babel/parser/lib/index.js:10863:17)
	at JSXParserMixin.parseUpdate (/home/k1bas4r0/.vscode/extensions/anteprimorac.html-end-tag-labels-0.11.0/node_modules/@babel/parser/lib/index.js:10842:21)
	at JSXParserMixin.parseMaybeUnary (/home/k1bas4r0/.vscode/extensions/anteprimorac.html-end-tag-labels-0.11.0/node_modules/@babel/parser/lib/index.js:10818:23)
	at JSXParserMixin.parseMaybeUnaryOrPrivate (/home/k1bas4r0/.vscode/extensions/anteprimorac.html-end-tag-labels-0.11.0/node_modules/@babel/parser/lib/index.js:10656:61)
	at JSXParserMixin.parseExprOps (/home/k1bas4r0/.vscode/extensions/anteprimorac.html-end-tag-labels-0.11.0/node_modules/@babel/parser/lib/index.js:10661:23)
	at JSXParserMixin.parseMaybeConditional (/home/k1bas4r0/.vscode/extensions/anteprimorac.html-end-tag-labels-0.11.0/node_modules/@babel/parser/lib/index.js:10638:23)
	at JSXParserMixin.parseMaybeAssign (/home/k1bas4r0/.vscode/extensions/anteprimorac.html-end-tag-labels-0.11.0/node_modules/@babel/parser/lib/index.js:10599:21)
	at JSXParserMixin.parseExpressionBase (/home/k1bas4r0/.vscode/extensions/anteprimorac.html-end-tag-labels-0.11.0/node_modules/@babel/parser/lib/index.js:10553:23)
	at /home/k1bas4r0/.vscode/extensions/anteprimorac.html-end-tag-labels-0.11.0/node_modules/@babel/parser/lib/index.js:10549:39
	at JSXParserMixin.allowInAnd (/home/k1bas4r0/.vscode/extensions/anteprimorac.html-end-tag-labels-0.11.0/node_modules/@babel/parser/lib/index.js:12239:16)
	at JSXParserMixin.parseExpression (/home/k1bas4r0/.vscode/extensions/anteprimorac.html-end-tag-labels-0.11.0/node_modules/@babel/parser/lib/index.js:10549:17)
	at JSXParserMixin.parseStatementContent (/home/k1bas4r0/.vscode/extensions/anteprimorac.html-end-tag-labels-0.11.0/node_modules/@babel/parser/lib/index.js:12682:23)
	at JSXParserMixin.parseStatementLike (/home/k1bas4r0/.vscode/extensions/anteprimorac.html-end-tag-labels-0.11.0/node_modules/@babel/parser/lib/index.js:12548:17)
	at JSXParserMixin.parseModuleItem (/home/k1bas4r0/.vscode/extensions/anteprimorac.html-end-tag-labels-0.11.0/node_modules/@babel/parser/lib/index.js:12525:17)
	at JSXParserMixin.parseBlockOrModuleBlockBody (/home/k1bas4r0/.vscode/extensions/anteprimorac.html-end-tag-labels-0.11.0/node_modules/@babel/parser/lib/index.js:13120:36)
	at JSXParserMixin.parseBlockBody (/home/k1bas4r0/.vscode/extensions/anteprimorac.html-end-tag-labels-0.11.0/node_modules/@babel/parser/lib/index.js:13113:10)
	at JSXParserMixin.parseProgram (/home/k1bas4r0/.vscode/extensions/anteprimorac.html-end-tag-labels-0.11.0/node_modules/@babel/parser/lib/index.js:12439:10)
	at JSXParserMixin.parseTopLevel (/home/k1bas4r0/.vscode/extensions/anteprimorac.html-end-tag-labels-0.11.0/node_modules/@babel/parser/lib/index.js:12429:25)
	at JSXParserMixin.parse (/home/k1bas4r0/.vscode/extensions/anteprimorac.html-end-tag-labels-0.11.0/node_modules/@babel/parser/lib/index.js:14250:10)
	at Object.parse (/home/k1bas4r0/.vscode/extensions/anteprimorac.html-end-tag-labels-0.11.0/node_modules/@babel/parser/lib/index.js:14292:38)
	at ClosingLabelsDecorations.getJSXDocumentDecorations (/home/k1bas4r0/.vscode/extensions/anteprimorac.html-end-tag-labels-0.11.0/out/closing-labels-decorations.js:178:33)
	at ClosingLabelsDecorations.update (/home/k1bas4r0/.vscode/extensions/anteprimorac.html-end-tag-labels-0.11.0/out/closing-labels-decorations.js:240:72)
	at listOnTimeout (node:internal/timers:559:17)
	at process.processTimers (node:internal/timers:502:7)
2023-05-25 14:10:16.195 [error] SyntaxError: Unexpected token, expected "{" (8:26)
	at instantiate (/home/k1bas4r0/.vscode/extensions/anteprimorac.html-end-tag-labels-0.11.0/node_modules/@babel/parser/lib/index.js:64:32)
	at constructor (/home/k1bas4r0/.vscode/extensions/anteprimorac.html-end-tag-labels-0.11.0/node_modules/@babel/parser/lib/index.js:364:12)
	at JSXParserMixin.raise (/home/k1bas4r0/.vscode/extensions/anteprimorac.html-end-tag-labels-0.11.0/node_modules/@babel/parser/lib/index.js:3253:19)
	at JSXParserMixin.unexpected (/home/k1bas4r0/.vscode/extensions/anteprimorac.html-end-tag-labels-0.11.0/node_modules/@babel/parser/lib/index.js:3283:16)
	at JSXParserMixin.expect (/home/k1bas4r0/.vscode/extensions/anteprimorac.html-end-tag-labels-0.11.0/node_modules/@babel/parser/lib/index.js:3629:28)
	at JSXParserMixin.parseBlock (/home/k1bas4r0/.vscode/extensions/anteprimorac.html-end-tag-labels-0.11.0/node_modules/@babel/parser/lib/index.js:13097:10)
	at JSXParserMixin.parseFunctionBody (/home/k1bas4r0/.vscode/extensions/anteprimorac.html-end-tag-labels-0.11.0/node_modules/@babel/parser/lib/index.js:11911:24)
	at JSXParserMixin.parseFunctionBodyAndFinish (/home/k1bas4r0/.vscode/extensions/anteprimorac.html-end-tag-labels-0.11.0/node_modules/@babel/parser/lib/index.js:11897:10)
	at /home/k1bas4r0/.vscode/extensions/anteprimorac.html-end-tag-labels-0.11.0/node_modules/@babel/parser/lib/index.js:13256:12
	at JSXParserMixin.withSmartMixTopicForbiddingContext (/home/k1bas4r0/.vscode/extensions/anteprimorac.html-end-tag-labels-0.11.0/node_modules/@babel/parser/lib/index.js:12221:14)
	at JSXParserMixin.parseFunction (/home/k1bas4r0/.vscode/extensions/anteprimorac.html-end-tag-labels-0.11.0/node_modules/@babel/parser/lib/index.js:13255:10)
	at JSXParserMixin.parseFunctionStatement (/home/k1bas4r0/.vscode/extensions/anteprimorac.html-end-tag-labels-0.11.0/node_modules/@babel/parser/lib/index.js:12915:17)
	at JSXParserMixin.parseStatementContent (/home/k1bas4r0/.vscode/extensions/anteprimorac.html-end-tag-labels-0.11.0/node_modules/@babel/parser/lib/index.js:12574:21)
	at JSXParserMixin.parseStatementLike (/home/k1bas4r0/.vscode/extensions/anteprimorac.html-end-tag-labels-0.11.0/node_modules/@babel/parser/lib/index.js:12548:17)
	at JSXParserMixin.parseStatementListItem (/home/k1bas4r0/.vscode/extensions/anteprimorac.html-end-tag-labels-0.11.0/node_modules/@babel/parser/lib/index.js:12528:17)
	at JSXParserMixin.parseBlockOrModuleBlockBody (/home/k1bas4r0/.vscode/extensions/anteprimorac.html-end-tag-labels-0.11.0/node_modules/@babel/parser/lib/index.js:13120:61)
	at JSXParserMixin.parseBlockBody (/home/k1bas4r0/.vscode/extensions/anteprimorac.html-end-tag-labels-0.11.0/node_modules/@babel/parser/lib/index.js:13113:10)
	at JSXParserMixin.parseBlock (/home/k1bas4r0/.vscode/extensions/anteprimorac.html-end-tag-labels-0.11.0/node_modules/@babel/parser/lib/index.js:13101:10)
	at JSXParserMixin.parseFunctionBody (/home/k1bas4r0/.vscode/extensions/anteprimorac.html-end-tag-labels-0.11.0/node_modules/@babel/parser/lib/index.js:11911:24)
	at JSXParserMixin.parseFunctionBodyAndFinish (/home/k1bas4r0/.vscode/extensions/anteprimorac.html-end-tag-labels-0.11.0/node_modules/@babel/parser/lib/index.js:11897:10)
	at /home/k1bas4r0/.vscode/extensions/anteprimorac.html-end-tag-labels-0.11.0/node_modules/@babel/parser/lib/index.js:13256:12
	at JSXParserMixin.withSmartMixTopicForbiddingContext (/home/k1bas4r0/.vscode/extensions/anteprimorac.html-end-tag-labels-0.11.0/node_modules/@babel/parser/lib/index.js:12221:14)
	at JSXParserMixin.parseFunction (/home/k1bas4r0/.vscode/extensions/anteprimorac.html-end-tag-labels-0.11.0/node_modules/@babel/parser/lib/index.js:13255:10)
	at JSXParserMixin.parseFunctionOrFunctionSent (/home/k1bas4r0/.vscode/extensions/anteprimorac.html-end-tag-labels-0.11.0/node_modules/@babel/parser/lib/index.js:11376:17)
	at JSXParserMixin.parseExprAtom (/home/k1bas4r0/.vscode/extensions/anteprimorac.html-end-tag-labels-0.11.0/node_modules/@babel/parser/lib/index.js:11149:21)
	at JSXParserMixin.parseExprAtom (/home/k1bas4r0/.vscode/extensions/anteprimorac.html-end-tag-labels-0.11.0/node_modules/@babel/parser/lib/index.js:6992:20)
	at JSXParserMixin.parseExprSubscripts (/home/k1bas4r0/.vscode/extensions/anteprimorac.html-end-tag-labels-0.11.0/node_modules/@babel/parser/lib/index.js:10859:23)
	at JSXParserMixin.parseUpdate (/home/k1bas4r0/.vscode/extensions/anteprimorac.html-end-tag-labels-0.11.0/node_modules/@babel/parser/lib/index.js:10842:21)
	at JSXParserMixin.parseMaybeUnary (/home/k1bas4r0/.vscode/extensions/anteprimorac.html-end-tag-labels-0.11.0/node_modules/@babel/parser/lib/index.js:10818:23)
	at JSXParserMixin.parseMaybeUnaryOrPrivate (/home/k1bas4r0/.vscode/extensions/anteprimorac.html-end-tag-labels-0.11.0/node_modules/@babel/parser/lib/index.js:10656:61)
	at JSXParserMixin.parseExprOps (/home/k1bas4r0/.vscode/extensions/anteprimorac.html-end-tag-labels-0.11.0/node_modules/@babel/parser/lib/index.js:10661:23)
	at JSXParserMixin.parseMaybeConditional (/home/k1bas4r0/.vscode/extensions/anteprimorac.html-end-tag-labels-0.11.0/node_modules/@babel/parser/lib/index.js:10638:23)
	at JSXParserMixin.parseMaybeAssign (/home/k1bas4r0/.vscode/extensions/anteprimorac.html-end-tag-labels-0.11.0/node_modules/@babel/parser/lib/index.js:10599:21)
	at /home/k1bas4r0/.vscode/extensions/anteprimorac.html-end-tag-labels-0.11.0/node_modules/@babel/parser/lib/index.js:10569:39
	at JSXParserMixin.allowInAnd (/home/k1bas4r0/.vscode/extensions/anteprimorac.html-end-tag-labels-0.11.0/node_modules/@babel/parser/lib/index.js:12244:12)
	at JSXParserMixin.parseMaybeAssignAllowIn (/home/k1bas4r0/.vscode/extensions/anteprimorac.html-end-tag-labels-0.11.0/node_modules/@babel/parser/lib/index.js:10569:17)
	at JSXParserMixin.parseExprListItem (/home/k1bas4r0/.vscode/extensions/anteprimorac.html-end-tag-labels-0.11.0/node_modules/@babel/parser/lib/index.js:11996:18)
	at JSXParserMixin.parseCallExpressionArguments (/home/k1bas4r0/.vscode/extensions/anteprimorac.html-end-tag-labels-0.11.0/node_modules/@babel/parser/lib/index.js:11051:22)
	at JSXParserMixin.parseCoverCallAndAsyncArrowHead (/home/k1bas4r0/.vscode/extensions/anteprimorac.html-end-tag-labels-0.11.0/node_modules/@babel/parser/lib/index.js:10966:29)
	at JSXParserMixin.parseSubscript (/home/k1bas4r0/.vscode/extensions/anteprimorac.html-end-tag-labels-0.11.0/node_modules/@babel/parser/lib/index.js:10901:19)
	at JSXParserMixin.parseSubscripts (/home/k1bas4r0/.vscode/extensions/anteprimorac.html-end-tag-labels-0.11.0/node_modules/@babel/parser/lib/index.js:10872:19)
	at JSXParserMixin.parseExprSubscripts (/home/k1bas4r0/.vscode/extensions/anteprimorac.html-end-tag-labels-0.11.0/node_modules/@babel/parser/lib/index.js:10863:17)
	at JSXParserMixin.parseUpdate (/home/k1bas4r0/.vscode/extensions/anteprimorac.html-end-tag-labels-0.11.0/node_modules/@babel/parser/lib/index.js:10842:21)
	at JSXParserMixin.parseMaybeUnary (/home/k1bas4r0/.vscode/extensions/anteprimorac.html-end-tag-labels-0.11.0/node_modules/@babel/parser/lib/index.js:10818:23)
	at JSXParserMixin.parseMaybeUnaryOrPrivate (/home/k1bas4r0/.vscode/extensions/anteprimorac.html-end-tag-labels-0.11.0/node_modules/@babel/parser/lib/index.js:10656:61)
	at JSXParserMixin.parseExprOps (/home/k1bas4r0/.vscode/extensions/anteprimorac.html-end-tag-labels-0.11.0/node_modules/@babel/parser/lib/index.js:10661:23)
	at JSXParserMixin.parseMaybeConditional (/home/k1bas4r0/.vscode/extensions/anteprimorac.html-end-tag-labels-0.11.0/node_modules/@babel/parser/lib/index.js:10638:23)
	at JSXParserMixin.parseMaybeAssign (/home/k1bas4r0/.vscode/extensions/anteprimorac.html-end-tag-labels-0.11.0/node_modules/@babel/parser/lib/index.js:10599:21)
	at JSXParserMixin.parseExpressionBase (/home/k1bas4r0/.vscode/extensions/anteprimorac.html-end-tag-labels-0.11.0/node_modules/@babel/parser/lib/index.js:10553:23)
	at /home/k1bas4r0/.vscode/extensions/anteprimorac.html-end-tag-labels-0.11.0/node_modules/@babel/parser/lib/index.js:10549:39
	at JSXParserMixin.allowInAnd (/home/k1bas4r0/.vscode/extensions/anteprimorac.html-end-tag-labels-0.11.0/node_modules/@babel/parser/lib/index.js:12239:16)
	at JSXParserMixin.parseExpression (/home/k1bas4r0/.vscode/extensions/anteprimorac.html-end-tag-labels-0.11.0/node_modules/@babel/parser/lib/index.js:10549:17)
	at JSXParserMixin.parseStatementContent (/home/k1bas4r0/.vscode/extensions/anteprimorac.html-end-tag-labels-0.11.0/node_modules/@babel/parser/lib/index.js:12682:23)
	at JSXParserMixin.parseStatementLike (/home/k1bas4r0/.vscode/extensions/anteprimorac.html-end-tag-labels-0.11.0/node_modules/@babel/parser/lib/index.js:12548:17)
	at JSXParserMixin.parseModuleItem (/home/k1bas4r0/.vscode/extensions/anteprimorac.html-end-tag-labels-0.11.0/node_modules/@babel/parser/lib/index.js:12525:17)
	at JSXParserMixin.parseBlockOrModuleBlockBody (/home/k1bas4r0/.vscode/extensions/anteprimorac.html-end-tag-labels-0.11.0/node_modules/@babel/parser/lib/index.js:13120:36)
	at JSXParserMixin.parseBlockBody (/home/k1bas4r0/.vscode/extensions/anteprimorac.html-end-tag-labels-0.11.0/node_modules/@babel/parser/lib/index.js:13113:10)
	at JSXParserMixin.parseProgram (/home/k1bas4r0/.vscode/extensions/anteprimorac.html-end-tag-labels-0.11.0/node_modules/@babel/parser/lib/index.js:12439:10)
	at JSXParserMixin.parseTopLevel (/home/k1bas4r0/.vscode/extensions/anteprimorac.html-end-tag-labels-0.11.0/node_modules/@babel/parser/lib/index.js:12429:25)
	at JSXParserMixin.parse (/home/k1bas4r0/.vscode/extensions/anteprimorac.html-end-tag-labels-0.11.0/node_modules/@babel/parser/lib/index.js:14250:10)
	at Object.parse (/home/k1bas4r0/.vscode/extensions/anteprimorac.html-end-tag-labels-0.11.0/node_modules/@babel/parser/lib/index.js:14292:38)
	at ClosingLabelsDecorations.getJSXDocumentDecorations (/home/k1bas4r0/.vscode/extensions/anteprimorac.html-end-tag-labels-0.11.0/out/closing-labels-decorations.js:178:33)
	at ClosingLabelsDecorations.update (/home/k1bas4r0/.vscode/extensions/anteprimorac.html-end-tag-labels-0.11.0/out/closing-labels-decorations.js:240:72)
	at listOnTimeout (node:internal/timers:559:17)
	at process.processTimers (node:internal/timers:502:7)
2023-05-25 14:13:33.708 [info] Extension host terminating: renderer closed the MessagePort
2023-05-25 14:13:33.750 [error] Canceled: Canceled
	at new l (/opt/VSCode-linux-x64/resources/app/out/vs/workbench/api/node/extensionHostProcess.js:98:104563)
	at a.O (/opt/VSCode-linux-x64/resources/app/out/vs/workbench/api/node/extensionHostProcess.js:110:11657)
	at H.<computed>.V.charCodeAt.H.<computed> (/opt/VSCode-linux-x64/resources/app/out/vs/workbench/api/node/extensionHostProcess.js:110:8947)
	at e.ExtHostCommands.g (/opt/VSCode-linux-x64/resources/app/out/vs/workbench/api/node/extensionHostProcess.js:98:124729)
	at e.ExtHostCommands.executeCommand (/opt/VSCode-linux-x64/resources/app/out/vs/workbench/api/node/extensionHostProcess.js:98:124105)
	at C.registerCommand.description (/opt/VSCode-linux-x64/resources/app/out/vs/workbench/api/node/extensionHostProcess.js:98:123398)
	at e.ExtHostCommands.h (/opt/VSCode-linux-x64/resources/app/out/vs/workbench/api/node/extensionHostProcess.js:98:125315)
	at e.ExtHostCommands.g (/opt/VSCode-linux-x64/resources/app/out/vs/workbench/api/node/extensionHostProcess.js:98:124205)
	at e.ExtHostCommands.executeCommand (/opt/VSCode-linux-x64/resources/app/out/vs/workbench/api/node/extensionHostProcess.js:98:124105)
	at Object.executeCommand (/opt/VSCode-linux-x64/resources/app/out/vs/workbench/api/node/extensionHostProcess.js:116:24043)
	at D (/opt/VSCode-linux-x64/resources/app/extensions/git/dist/main.js:2:1259661)
	at v.invoke (/opt/VSCode-linux-x64/resources/app/out/vs/workbench/api/node/extensionHostProcess.js:63:145)
	at h.deliver (/opt/VSCode-linux-x64/resources/app/out/vs/workbench/api/node/extensionHostProcess.js:63:2121)
	at i.fire (/opt/VSCode-linux-x64/resources/app/out/vs/workbench/api/node/extensionHostProcess.js:63:1729)
	at Object.m [as dispose] (/opt/VSCode-linux-x64/resources/app/extensions/git/dist/main.js:2:1274494)
	at /opt/VSCode-linux-x64/resources/app/extensions/git/dist/main.js:2:1278940
	at Array.forEach (<anonymous>)
	at g.dispose (/opt/VSCode-linux-x64/resources/app/extensions/git/dist/main.js:2:1278926)
	at t.<anonymous> (/opt/VSCode-linux-x64/resources/app/out/vs/workbench/api/node/extensionHostProcess.js:96:12369)
	at t.dispose (/opt/VSCode-linux-x64/resources/app/out/vs/workbench/api/node/extensionHostProcess.js:96:12504)
	at t.<anonymous> (/opt/VSCode-linux-x64/resources/app/extensions/git/dist/main.js:2:1261791)
	at t.dispose (/opt/VSCode-linux-x64/resources/app/out/vs/workbench/api/node/extensionHostProcess.js:96:12504)
	at T (/opt/VSCode-linux-x64/resources/app/out/vs/workbench/api/node/extensionHostProcess.js:10:12080)
	at v.Y (/opt/VSCode-linux-x64/resources/app/out/vs/workbench/api/node/extensionHostProcess.js:112:11173)
	at /opt/VSCode-linux-x64/resources/app/out/vs/workbench/api/node/extensionHostProcess.js:112:9157
	at Array.map (<anonymous>)
	at v.R (/opt/VSCode-linux-x64/resources/app/out/vs/workbench/api/node/extensionHostProcess.js:112:9144)
	at v.terminate (/opt/VSCode-linux-x64/resources/app/out/vs/workbench/api/node/extensionHostProcess.js:112:9415)
	at d.terminate (/opt/VSCode-linux-x64/resources/app/out/vs/workbench/api/node/extensionHostProcess.js:116:1544)
	at g (/opt/VSCode-linux-x64/resources/app/out/vs/workbench/api/node/extensionHostProcess.js:126:34439)
	at MessagePortMain.<anonymous> (/opt/VSCode-linux-x64/resources/app/out/vs/workbench/api/node/extensionHostProcess.js:126:30578)
	at MessagePortMain.emit (node:events:513:28)
	at MessagePortMain._internalPort.emit (node:electron/js2c/utility_init:2:367) setContext undefined
2023-05-25 14:13:33.768 [error] Error: ENOENT: no such file or directory, open '/home/k1bas4r0/.config/Code/User/globalStorage/vscodevim.vim/.registers'
2023-05-25 14:13:33.774 [info] Extension host with pid 84499 exiting with code 0
2023-05-25 14:13:36.847 [info] Extension host with pid 103205 started
2023-05-25 14:13:36.847 [info] Skipping acquiring lock for /home/k1bas4r0/.config/Code/User/workspaceStorage/fb589629ffe57c342238577138499adb.
2023-05-25 14:13:36.879 [info] ExtensionService#_doActivateExtension vscode.emmet, startup: false, activationEvent: 'onLanguage'
2023-05-25 14:13:36.885 [info] ExtensionService#_doActivateExtension vscode.html-language-features, startup: false, activationEvent: 'onLanguage:html'
2023-05-25 14:13:36.903 [info] ExtensionService#_doActivateExtension anteprimorac.html-end-tag-labels, startup: false, activationEvent: 'onLanguage:html'
2023-05-25 14:13:37.115 [info] ExtensionService#_doActivateExtension vscode.typescript-language-features, startup: false, activationEvent: 'onLanguage:javascript'
2023-05-25 14:13:37.126 [info] ExtensionService#_doActivateExtension evgeniypeshkov.syntax-highlighter, startup: false, activationEvent: 'onLanguage:javascript'
2023-05-25 14:13:37.142 [info] ExtensionService#_doActivateExtension vscode.github-authentication, startup: false, activationEvent: 'onAuthenticationRequest:github'
2023-05-25 14:13:37.298 [info] ExtensionService#_doActivateExtension vscode.microsoft-authentication, startup: false, activationEvent: 'onAuthenticationRequest:microsoft'
2023-05-25 14:13:37.879 [info] ExtensionService#_doActivateExtension vscode.git-base, startup: true, activationEvent: '*', root cause: vscode.git
2023-05-25 14:13:37.893 [info] ExtensionService#_doActivateExtension vincaslt.highlight-matching-tag, startup: true, activationEvent: '*'
2023-05-25 14:13:37.973 [info] ExtensionService#_doActivateExtension vscode.git, startup: true, activationEvent: '*'
2023-05-25 14:13:38.042 [info] ExtensionService#_doActivateExtension vscode.github, startup: true, activationEvent: '*'
2023-05-25 14:13:38.273 [info] Eager extensions activated
2023-05-25 14:13:38.291 [info] ExtensionService#_doActivateExtension vscode.debug-auto-launch, startup: false, activationEvent: 'onStartupFinished'
2023-05-25 14:13:38.323 [info] ExtensionService#_doActivateExtension vscode.merge-conflict, startup: false, activationEvent: 'onStartupFinished'
2023-05-25 14:13:38.356 [info] ExtensionService#_doActivateExtension esbenp.prettier-vscode, startup: false, activationEvent: 'onStartupFinished'
2023-05-25 14:13:38.399 [info] ExtensionService#_doActivateExtension PKief.material-icon-theme, startup: false, activationEvent: 'onStartupFinished'
2023-05-25 14:13:38.460 [info] ExtensionService#_doActivateExtension usernamehw.errorlens, startup: false, activationEvent: 'onStartupFinished'
2023-05-25 14:13:38.462 [info] ExtensionService#_doActivateExtension zhuangtongfa.material-theme, startup: false, activationEvent: 'onStartupFinished'
2023-05-25 14:13:44.370 [info] ExtensionService#_doActivateExtension vscodevim.vim, startup: false, activationEvent: '*'
2023-05-25 14:13:45.472 [error] Error: ENOENT: no such file or directory, open '/home/k1bas4r0/.config/Code/User/globalStorage/vscodevim.vim/.registers'
2023-05-25 14:14:59.064 [info] ExtensionService#_doActivateExtension vscode.json-language-features, startup: false, activationEvent: 'onLanguage:jsonc'
2023-05-25 14:17:54.421 [info] Extension host terminating: renderer closed the MessagePort
2023-05-25 14:17:54.445 [error] Canceled: Canceled
	at new l (/opt/VSCode-linux-x64/resources/app/out/vs/workbench/api/node/extensionHostProcess.js:98:104563)
	at a.O (/opt/VSCode-linux-x64/resources/app/out/vs/workbench/api/node/extensionHostProcess.js:110:11657)
	at H.<computed>.V.charCodeAt.H.<computed> (/opt/VSCode-linux-x64/resources/app/out/vs/workbench/api/node/extensionHostProcess.js:110:8947)
	at e.ExtHostCommands.g (/opt/VSCode-linux-x64/resources/app/out/vs/workbench/api/node/extensionHostProcess.js:98:124729)
	at e.ExtHostCommands.executeCommand (/opt/VSCode-linux-x64/resources/app/out/vs/workbench/api/node/extensionHostProcess.js:98:124105)
	at C.registerCommand.description (/opt/VSCode-linux-x64/resources/app/out/vs/workbench/api/node/extensionHostProcess.js:98:123398)
	at e.ExtHostCommands.h (/opt/VSCode-linux-x64/resources/app/out/vs/workbench/api/node/extensionHostProcess.js:98:125315)
	at e.ExtHostCommands.g (/opt/VSCode-linux-x64/resources/app/out/vs/workbench/api/node/extensionHostProcess.js:98:124205)
	at e.ExtHostCommands.executeCommand (/opt/VSCode-linux-x64/resources/app/out/vs/workbench/api/node/extensionHostProcess.js:98:124105)
	at Object.executeCommand (/opt/VSCode-linux-x64/resources/app/out/vs/workbench/api/node/extensionHostProcess.js:116:24043)
	at D (/opt/VSCode-linux-x64/resources/app/extensions/git/dist/main.js:2:1259661)
	at v.invoke (/opt/VSCode-linux-x64/resources/app/out/vs/workbench/api/node/extensionHostProcess.js:63:145)
	at h.deliver (/opt/VSCode-linux-x64/resources/app/out/vs/workbench/api/node/extensionHostProcess.js:63:2121)
	at i.fire (/opt/VSCode-linux-x64/resources/app/out/vs/workbench/api/node/extensionHostProcess.js:63:1729)
	at Object.m [as dispose] (/opt/VSCode-linux-x64/resources/app/extensions/git/dist/main.js:2:1274494)
	at /opt/VSCode-linux-x64/resources/app/extensions/git/dist/main.js:2:1278940
	at Array.forEach (<anonymous>)
	at g.dispose (/opt/VSCode-linux-x64/resources/app/extensions/git/dist/main.js:2:1278926)
	at t.<anonymous> (/opt/VSCode-linux-x64/resources/app/out/vs/workbench/api/node/extensionHostProcess.js:96:12369)
	at t.dispose (/opt/VSCode-linux-x64/resources/app/out/vs/workbench/api/node/extensionHostProcess.js:96:12504)
	at t.<anonymous> (/opt/VSCode-linux-x64/resources/app/extensions/git/dist/main.js:2:1261791)
	at t.dispose (/opt/VSCode-linux-x64/resources/app/out/vs/workbench/api/node/extensionHostProcess.js:96:12504)
	at T (/opt/VSCode-linux-x64/resources/app/out/vs/workbench/api/node/extensionHostProcess.js:10:12080)
	at v.Y (/opt/VSCode-linux-x64/resources/app/out/vs/workbench/api/node/extensionHostProcess.js:112:11173)
	at /opt/VSCode-linux-x64/resources/app/out/vs/workbench/api/node/extensionHostProcess.js:112:9157
	at Array.map (<anonymous>)
	at v.R (/opt/VSCode-linux-x64/resources/app/out/vs/workbench/api/node/extensionHostProcess.js:112:9144)
	at v.terminate (/opt/VSCode-linux-x64/resources/app/out/vs/workbench/api/node/extensionHostProcess.js:112:9415)
	at d.terminate (/opt/VSCode-linux-x64/resources/app/out/vs/workbench/api/node/extensionHostProcess.js:116:1544)
	at g (/opt/VSCode-linux-x64/resources/app/out/vs/workbench/api/node/extensionHostProcess.js:126:34439)
	at MessagePortMain.<anonymous> (/opt/VSCode-linux-x64/resources/app/out/vs/workbench/api/node/extensionHostProcess.js:126:30578)
	at MessagePortMain.emit (node:events:513:28)
	at MessagePortMain._internalPort.emit (node:electron/js2c/utility_init:2:367) setContext undefined
2023-05-25 14:17:54.461 [error] Error: ENOENT: no such file or directory, open '/home/k1bas4r0/.config/Code/User/globalStorage/vscodevim.vim/.registers'
2023-05-25 14:17:54.466 [info] Extension host with pid 103205 exiting with code 0
2023-05-25 14:17:56.419 [info] Extension host with pid 106133 started
2023-05-25 14:17:56.419 [info] Skipping acquiring lock for /home/k1bas4r0/.config/Code/User/workspaceStorage/fb589629ffe57c342238577138499adb.
2023-05-25 14:17:56.723 [info] ExtensionService#_doActivateExtension vscode.emmet, startup: false, activationEvent: 'onLanguage'
2023-05-25 14:17:56.729 [info] ExtensionService#_doActivateExtension vscode.github-authentication, startup: false, activationEvent: 'onAuthenticationRequest:github'
2023-05-25 14:17:56.775 [info] ExtensionService#_doActivateExtension vscode.git-base, startup: true, activationEvent: '*', root cause: vscode.git
2023-05-25 14:17:56.776 [info] ExtensionService#_doActivateExtension vincaslt.highlight-matching-tag, startup: true, activationEvent: '*'
2023-05-25 14:17:56.784 [info] ExtensionService#_doActivateExtension vscodevim.vim, startup: true, activationEvent: '*'
2023-05-25 14:17:56.863 [info] ExtensionService#_doActivateExtension vscode.microsoft-authentication, startup: false, activationEvent: 'onAuthenticationRequest:microsoft'
2023-05-25 14:17:56.872 [info] ExtensionService#_doActivateExtension vscode.git, startup: true, activationEvent: '*'
2023-05-25 14:17:56.894 [info] ExtensionService#_doActivateExtension vscode.github, startup: true, activationEvent: '*'
2023-05-25 14:17:56.955 [info] Eager extensions activated
2023-05-25 14:17:56.990 [info] ExtensionService#_doActivateExtension vscode.debug-auto-launch, startup: false, activationEvent: 'onStartupFinished'
2023-05-25 14:17:56.993 [info] ExtensionService#_doActivateExtension vscode.merge-conflict, startup: false, activationEvent: 'onStartupFinished'
2023-05-25 14:17:57.000 [info] ExtensionService#_doActivateExtension esbenp.prettier-vscode, startup: false, activationEvent: 'onStartupFinished'
2023-05-25 14:17:57.032 [info] ExtensionService#_doActivateExtension PKief.material-icon-theme, startup: false, activationEvent: 'onStartupFinished'
2023-05-25 14:17:57.037 [info] ExtensionService#_doActivateExtension usernamehw.errorlens, startup: false, activationEvent: 'onStartupFinished'
2023-05-25 14:17:57.054 [info] ExtensionService#_doActivateExtension zhuangtongfa.material-theme, startup: false, activationEvent: 'onStartupFinished'
2023-05-25 14:17:57.240 [info] ExtensionService#_doActivateExtension vscode.typescript-language-features, startup: false, activationEvent: 'onLanguage:javascript'
2023-05-25 14:17:57.258 [info] ExtensionService#_doActivateExtension anteprimorac.html-end-tag-labels, startup: false, activationEvent: 'onLanguage:javascript'
2023-05-25 14:17:57.473 [info] ExtensionService#_doActivateExtension evgeniypeshkov.syntax-highlighter, startup: false, activationEvent: 'onLanguage:javascript'
2023-05-25 14:17:57.864 [error] Error: ENOENT: no such file or directory, open '/home/k1bas4r0/.config/Code/User/globalStorage/vscodevim.vim/.registers'
2023-05-25 14:18:12.320 [info] ExtensionService#_doActivateExtension vscode.json-language-features, startup: false, activationEvent: 'onLanguage:jsonc'
2023-05-25 14:19:14.228 [info] ExtensionService#_doActivateExtension ms-vscode-remote.remote-containers, startup: false, activationEvent: 'onStartupFinished'
2023-05-25 14:20:09.269 [info] Extension host terminating: renderer closed the MessagePort
2023-05-25 14:20:09.292 [error] Canceled: Canceled
	at new l (/opt/VSCode-linux-x64/resources/app/out/vs/workbench/api/node/extensionHostProcess.js:98:104563)
	at a.O (/opt/VSCode-linux-x64/resources/app/out/vs/workbench/api/node/extensionHostProcess.js:110:11657)
	at H.<computed>.V.charCodeAt.H.<computed> (/opt/VSCode-linux-x64/resources/app/out/vs/workbench/api/node/extensionHostProcess.js:110:8947)
	at e.ExtHostCommands.g (/opt/VSCode-linux-x64/resources/app/out/vs/workbench/api/node/extensionHostProcess.js:98:124729)
	at e.ExtHostCommands.executeCommand (/opt/VSCode-linux-x64/resources/app/out/vs/workbench/api/node/extensionHostProcess.js:98:124105)
	at C.registerCommand.description (/opt/VSCode-linux-x64/resources/app/out/vs/workbench/api/node/extensionHostProcess.js:98:123398)
	at e.ExtHostCommands.h (/opt/VSCode-linux-x64/resources/app/out/vs/workbench/api/node/extensionHostProcess.js:98:125315)
	at e.ExtHostCommands.g (/opt/VSCode-linux-x64/resources/app/out/vs/workbench/api/node/extensionHostProcess.js:98:124205)
	at e.ExtHostCommands.executeCommand (/opt/VSCode-linux-x64/resources/app/out/vs/workbench/api/node/extensionHostProcess.js:98:124105)
	at Object.executeCommand (/opt/VSCode-linux-x64/resources/app/out/vs/workbench/api/node/extensionHostProcess.js:116:24043)
	at D (/opt/VSCode-linux-x64/resources/app/extensions/git/dist/main.js:2:1259661)
	at v.invoke (/opt/VSCode-linux-x64/resources/app/out/vs/workbench/api/node/extensionHostProcess.js:63:145)
	at h.deliver (/opt/VSCode-linux-x64/resources/app/out/vs/workbench/api/node/extensionHostProcess.js:63:2121)
	at i.fire (/opt/VSCode-linux-x64/resources/app/out/vs/workbench/api/node/extensionHostProcess.js:63:1729)
	at Object.m [as dispose] (/opt/VSCode-linux-x64/resources/app/extensions/git/dist/main.js:2:1274494)
	at /opt/VSCode-linux-x64/resources/app/extensions/git/dist/main.js:2:1278940
	at Array.forEach (<anonymous>)
	at g.dispose (/opt/VSCode-linux-x64/resources/app/extensions/git/dist/main.js:2:1278926)
	at t.<anonymous> (/opt/VSCode-linux-x64/resources/app/out/vs/workbench/api/node/extensionHostProcess.js:96:12369)
	at t.dispose (/opt/VSCode-linux-x64/resources/app/out/vs/workbench/api/node/extensionHostProcess.js:96:12504)
	at t.<anonymous> (/opt/VSCode-linux-x64/resources/app/extensions/git/dist/main.js:2:1261791)
	at t.dispose (/opt/VSCode-linux-x64/resources/app/out/vs/workbench/api/node/extensionHostProcess.js:96:12504)
	at T (/opt/VSCode-linux-x64/resources/app/out/vs/workbench/api/node/extensionHostProcess.js:10:12080)
	at v.Y (/opt/VSCode-linux-x64/resources/app/out/vs/workbench/api/node/extensionHostProcess.js:112:11173)
	at /opt/VSCode-linux-x64/resources/app/out/vs/workbench/api/node/extensionHostProcess.js:112:9157
	at Array.map (<anonymous>)
	at v.R (/opt/VSCode-linux-x64/resources/app/out/vs/workbench/api/node/extensionHostProcess.js:112:9144)
	at v.terminate (/opt/VSCode-linux-x64/resources/app/out/vs/workbench/api/node/extensionHostProcess.js:112:9415)
	at d.terminate (/opt/VSCode-linux-x64/resources/app/out/vs/workbench/api/node/extensionHostProcess.js:116:1544)
	at g (/opt/VSCode-linux-x64/resources/app/out/vs/workbench/api/node/extensionHostProcess.js:126:34439)
	at MessagePortMain.<anonymous> (/opt/VSCode-linux-x64/resources/app/out/vs/workbench/api/node/extensionHostProcess.js:126:30578)
	at MessagePortMain.emit (node:events:513:28)
	at MessagePortMain._internalPort.emit (node:electron/js2c/utility_init:2:367) setContext undefined
2023-05-25 14:20:09.299 [error] Error: ENOENT: no such file or directory, open '/home/k1bas4r0/.config/Code/User/globalStorage/vscodevim.vim/.registers'
2023-05-25 14:20:09.302 [info] Extension host with pid 106133 exiting with code 0
