2023-05-25 13:42:23.022 [info] Starting TS Server undefined
2023-05-25 13:42:23.022 [info] Using tsserver from: /opt/VSCode-linux-x64/resources/app/extensions/node_modules/typescript/lib/tsserver.js undefined
2023-05-25 13:42:23.022 [info] <syntax> Forking...
2023-05-25 13:42:23.022 [info] <syntax> Starting...
2023-05-25 13:42:23.022 [info] <semantic> Forking...
2023-05-25 13:42:23.022 [info] <semantic> Starting...
2023-05-25 14:13:33.770 [error] TSServer exited. Code: null. Signal: SIGTERM
2023-05-25 14:13:33.770 [info] Starting TS Server undefined
2023-05-25 14:13:33.770 [info] Not starting server: disposed undefined
2023-05-25 14:13:37.292 [info] Starting TS Server undefined
2023-05-25 14:13:37.292 [info] Using tsserver from: /opt/VSCode-linux-x64/resources/app/extensions/node_modules/typescript/lib/tsserver.js undefined
2023-05-25 14:13:37.292 [info] <syntax> Forking...
2023-05-25 14:13:37.292 [info] <syntax> Starting...
2023-05-25 14:13:37.292 [info] <semantic> Forking...
2023-05-25 14:13:37.292 [info] <semantic> Starting...
2023-05-25 14:17:54.462 [error] TSServer exited. Code: null. Signal: SIGTERM
2023-05-25 14:17:54.462 [info] Starting TS Server undefined
2023-05-25 14:17:54.462 [info] Not starting server: disposed undefined
2023-05-25 14:17:57.909 [info] Starting TS Server undefined
2023-05-25 14:17:57.909 [info] Using tsserver from: /opt/VSCode-linux-x64/resources/app/extensions/node_modules/typescript/lib/tsserver.js undefined
2023-05-25 14:17:57.909 [info] <syntax> Forking...
2023-05-25 14:17:57.909 [info] <syntax> Starting...
2023-05-25 14:17:57.909 [info] <semantic> Forking...
2023-05-25 14:17:57.909 [info] <semantic> Starting...
