2023-05-25 13:39:23.043 [info] Added views:workbench.panel.markers.view in workbench.panel.markers
2023-05-25 13:39:23.043 [info] Added views:workbench.panel.output in workbench.panel.output
2023-05-25 13:39:23.043 [info] Added views:terminal in terminal
2023-05-25 13:39:23.043 [info] Added views:outline in workbench.view.explorer
2023-05-25 13:39:23.043 [info] Added views:workbench.scm in workbench.view.scm
2023-05-25 13:39:23.043 [info] Added views:workbench.view.search in workbench.view.search
2023-05-25 13:39:23.043 [info] Added views:timeline in workbench.view.explorer
2023-05-25 13:39:23.043 [info] Added views:workbench.explorer.emptyView in workbench.view.explorer
2023-05-25 13:39:23.399 [info] Added views:workbench.debug.welcome in workbench.view.debug
2023-05-25 13:39:23.726 [info] Added views:workbench.panel.repl.view in workbench.panel.repl
2023-05-25 13:42:04.501 [info] Added views:workbench.panel.markers.view in workbench.panel.markers
2023-05-25 13:42:04.501 [info] Added views:workbench.panel.output in workbench.panel.output
2023-05-25 13:42:04.501 [info] Added views:terminal in terminal
2023-05-25 13:42:04.501 [info] Added views:outline in workbench.view.explorer
2023-05-25 13:42:04.501 [info] Added views:workbench.scm in workbench.view.scm
2023-05-25 13:42:04.501 [info] Added views:workbench.view.search in workbench.view.search
2023-05-25 13:42:04.501 [info] Added views:timeline in workbench.view.explorer
2023-05-25 13:42:04.501 [info] Added views:workbench.explorer.fileView in workbench.view.explorer
2023-05-25 13:42:04.852 [info] Added views:workbench.debug.variablesView,workbench.debug.watchExpressionsView,workbench.debug.callStackView,workbench.debug.breakPointsView in workbench.view.debug
2023-05-25 13:42:04.878 [info] Added views:workbench.panel.repl.view in workbench.panel.repl
2023-05-25 13:42:04.880 [info] Removed views:workbench.debug.breakPointsView,workbench.debug.callStackView,workbench.debug.watchExpressionsView,workbench.debug.variablesView from workbench.view.debug
2023-05-25 13:42:04.882 [info] Added views:workbench.debug.welcome in workbench.view.debug
2023-05-25 13:42:59.600 [info] Added views:workbench.views.extensions.installed,workbench.views.extensions.popular,extensions.recommendedList in workbench.view.extensions
2023-05-25 13:42:59.605 [info] Removed views:workbench.views.extensions.popular from workbench.view.extensions
2023-05-25 13:42:59.865 [info] Added views:workbench.views.extensions.popular in workbench.view.extensions
2023-05-25 13:43:04.808 [info] Removed views:extensions.recommendedList,workbench.views.extensions.popular,workbench.views.extensions.installed from workbench.view.extensions
2023-05-25 13:43:04.826 [info] Added views:workbench.views.extensions.marketplace in workbench.view.extensions
2023-05-25 13:54:08.091 [info] Removed views:workbench.views.extensions.marketplace from workbench.view.extensions
2023-05-25 13:54:08.132 [info] Added views:workbench.views.extensions.installed,workbench.views.extensions.popular,extensions.recommendedList in workbench.view.extensions
2023-05-25 13:54:09.780 [info] Removed views:extensions.recommendedList,workbench.views.extensions.popular,workbench.views.extensions.installed from workbench.view.extensions
2023-05-25 13:54:09.815 [info] Added views:workbench.views.extensions.marketplace in workbench.view.extensions
2023-05-25 13:57:52.086 [info] Removed views:workbench.views.extensions.marketplace from workbench.view.extensions
2023-05-25 13:57:52.126 [info] Added views:workbench.views.extensions.installed,workbench.views.extensions.popular,extensions.recommendedList in workbench.view.extensions
2023-05-25 13:58:05.874 [info] Removed views:extensions.recommendedList,workbench.views.extensions.popular,workbench.views.extensions.installed from workbench.view.extensions
2023-05-25 13:58:05.886 [info] Added views:workbench.views.extensions.marketplace in workbench.view.extensions
2023-05-25 13:58:30.131 [info] Removed views:workbench.views.extensions.marketplace from workbench.view.extensions
2023-05-25 13:58:30.166 [info] Added views:workbench.views.extensions.installed,workbench.views.extensions.popular,extensions.recommendedList in workbench.view.extensions
2023-05-25 13:58:32.315 [info] Removed views:extensions.recommendedList,workbench.views.extensions.popular,workbench.views.extensions.installed from workbench.view.extensions
2023-05-25 13:58:32.331 [info] Added views:workbench.views.extensions.marketplace in workbench.view.extensions
2023-05-25 13:59:24.514 [info] Removed views:workbench.views.extensions.marketplace from workbench.view.extensions
2023-05-25 13:59:24.553 [info] Added views:workbench.views.extensions.installed,workbench.views.extensions.popular,extensions.recommendedList in workbench.view.extensions
2023-05-25 13:59:26.481 [info] Removed views:extensions.recommendedList,workbench.views.extensions.popular,workbench.views.extensions.installed from workbench.view.extensions
2023-05-25 13:59:26.495 [info] Added views:workbench.views.extensions.marketplace in workbench.view.extensions
2023-05-25 13:59:28.285 [info] Removed views:workbench.views.extensions.marketplace from workbench.view.extensions
2023-05-25 13:59:28.318 [info] Added views:workbench.views.extensions.installed,workbench.views.extensions.popular,extensions.recommendedList in workbench.view.extensions
2023-05-25 13:59:29.774 [info] Removed views:extensions.recommendedList,workbench.views.extensions.popular,workbench.views.extensions.installed from workbench.view.extensions
2023-05-25 13:59:29.790 [info] Added views:workbench.views.extensions.marketplace in workbench.view.extensions
2023-05-25 13:59:59.319 [info] Removed views:workbench.views.extensions.marketplace from workbench.view.extensions
2023-05-25 13:59:59.351 [info] Added views:workbench.views.extensions.installed,workbench.views.extensions.popular,extensions.recommendedList in workbench.view.extensions
2023-05-25 14:00:01.918 [info] Removed views:extensions.recommendedList,workbench.views.extensions.popular,workbench.views.extensions.installed from workbench.view.extensions
2023-05-25 14:00:01.937 [info] Added views:workbench.views.extensions.marketplace in workbench.view.extensions
2023-05-25 14:00:21.171 [info] Removed views:workbench.views.extensions.marketplace from workbench.view.extensions
2023-05-25 14:00:21.211 [info] Added views:workbench.views.extensions.installed,workbench.views.extensions.popular,extensions.recommendedList in workbench.view.extensions
2023-05-25 14:00:22.263 [info] Removed views:extensions.recommendedList,workbench.views.extensions.popular,workbench.views.extensions.installed from workbench.view.extensions
2023-05-25 14:00:22.276 [info] Added views:workbench.views.extensions.marketplace in workbench.view.extensions
2023-05-25 14:01:13.581 [info] Removed views:workbench.views.extensions.marketplace from workbench.view.extensions
2023-05-25 14:01:13.615 [info] Added views:workbench.views.extensions.installed,workbench.views.extensions.popular,extensions.recommendedList in workbench.view.extensions
2023-05-25 14:01:37.864 [info] Removed views:extensions.recommendedList,workbench.views.extensions.popular,workbench.views.extensions.installed from workbench.view.extensions
2023-05-25 14:01:37.882 [info] Added views:workbench.views.extensions.marketplace in workbench.view.extensions
2023-05-25 14:02:07.225 [info] Removed views:workbench.views.extensions.marketplace from workbench.view.extensions
2023-05-25 14:02:07.262 [info] Added views:workbench.views.extensions.installed,workbench.views.extensions.popular,extensions.recommendedList in workbench.view.extensions
2023-05-25 14:02:08.426 [info] Removed views:extensions.recommendedList,workbench.views.extensions.popular,workbench.views.extensions.installed from workbench.view.extensions
2023-05-25 14:02:08.440 [info] Added views:workbench.views.extensions.marketplace in workbench.view.extensions
2023-05-25 14:02:57.035 [info] Removed views:workbench.views.extensions.marketplace from workbench.view.extensions
2023-05-25 14:02:57.073 [info] Added views:workbench.views.extensions.installed,workbench.views.extensions.popular,extensions.recommendedList in workbench.view.extensions
2023-05-25 14:02:58.303 [info] Removed views:extensions.recommendedList,workbench.views.extensions.popular,workbench.views.extensions.installed from workbench.view.extensions
2023-05-25 14:02:58.316 [info] Added views:workbench.views.extensions.marketplace in workbench.view.extensions
2023-05-25 14:04:19.288 [info] Removed views:workbench.views.extensions.marketplace from workbench.view.extensions
2023-05-25 14:04:19.334 [info] Added views:workbench.views.extensions.installed,workbench.views.extensions.popular,extensions.recommendedList in workbench.view.extensions
2023-05-25 14:04:20.947 [info] Removed views:extensions.recommendedList,workbench.views.extensions.popular,workbench.views.extensions.installed from workbench.view.extensions
2023-05-25 14:04:20.966 [info] Added views:workbench.views.extensions.marketplace in workbench.view.extensions
2023-05-25 14:05:01.038 [info] Removed views:workbench.views.extensions.marketplace from workbench.view.extensions
2023-05-25 14:05:01.082 [info] Added views:workbench.views.extensions.installed,workbench.views.extensions.popular,extensions.recommendedList in workbench.view.extensions
2023-05-25 14:05:02.216 [info] Removed views:extensions.recommendedList,workbench.views.extensions.popular,workbench.views.extensions.installed from workbench.view.extensions
2023-05-25 14:05:02.234 [info] Added views:workbench.views.extensions.marketplace in workbench.view.extensions
2023-05-25 14:05:44.600 [info] Removed views:workbench.views.extensions.marketplace from workbench.view.extensions
2023-05-25 14:05:44.635 [info] Added views:workbench.views.extensions.installed,workbench.views.extensions.popular,extensions.recommendedList in workbench.view.extensions
2023-05-25 14:05:46.734 [info] Removed views:extensions.recommendedList,workbench.views.extensions.popular,workbench.views.extensions.installed from workbench.view.extensions
2023-05-25 14:05:46.751 [info] Added views:workbench.views.extensions.marketplace in workbench.view.extensions
2023-05-25 14:07:28.568 [info] Removed views:workbench.views.extensions.marketplace from workbench.view.extensions
2023-05-25 14:07:28.604 [info] Added views:workbench.views.extensions.installed,workbench.views.extensions.popular,extensions.recommendedList in workbench.view.extensions
2023-05-25 14:07:30.113 [info] Removed views:extensions.recommendedList,workbench.views.extensions.popular,workbench.views.extensions.installed from workbench.view.extensions
2023-05-25 14:07:30.128 [info] Added views:workbench.views.extensions.marketplace in workbench.view.extensions
2023-05-25 14:08:07.865 [info] Added views:workbench.view.testing in workbench.view.extension.test
2023-05-25 14:13:26.313 [info] Removed views:workbench.views.extensions.marketplace from workbench.view.extensions
2023-05-25 14:13:26.345 [info] Added views:workbench.views.extensions.installed,workbench.views.extensions.popular,extensions.recommendedList in workbench.view.extensions
2023-05-25 14:13:27.519 [info] Removed views:extensions.recommendedList,workbench.views.extensions.popular,workbench.views.extensions.installed from workbench.view.extensions
2023-05-25 14:13:27.533 [info] Added views:workbench.views.extensions.marketplace in workbench.view.extensions
2023-05-25 14:13:33.730 [info] Removed views:workbench.view.testing from workbench.view.extension.test
2023-05-25 14:13:35.096 [info] Added views:workbench.panel.markers.view in workbench.panel.markers
2023-05-25 14:13:35.096 [info] Added views:workbench.panel.output in workbench.panel.output
2023-05-25 14:13:35.096 [info] Added views:terminal in terminal
2023-05-25 14:13:35.096 [info] Added views:outline in workbench.view.explorer
2023-05-25 14:13:35.096 [info] Added views:workbench.scm in workbench.view.scm
2023-05-25 14:13:35.096 [info] Added views:workbench.view.search in workbench.view.search
2023-05-25 14:13:35.096 [info] Added views:timeline in workbench.view.explorer
2023-05-25 14:13:35.096 [info] Added views:workbench.explorer.fileView in workbench.view.explorer
2023-05-25 14:13:35.357 [info] Added views:workbench.debug.welcome in workbench.view.debug
2023-05-25 14:13:35.674 [info] Added views:workbench.views.extensions.installed,extensions.recommendedList in workbench.view.extensions
2023-05-25 14:13:36.886 [info] Added views:workbench.panel.repl.view in workbench.panel.repl
2023-05-25 14:13:39.215 [info] Removed views:extensions.recommendedList,workbench.views.extensions.installed from workbench.view.extensions
2023-05-25 14:13:39.233 [info] Added views:workbench.views.extensions.marketplace in workbench.view.extensions
2023-05-25 14:17:55.162 [info] Added views:workbench.panel.markers.view in workbench.panel.markers
2023-05-25 14:17:55.162 [info] Added views:workbench.panel.output in workbench.panel.output
2023-05-25 14:17:55.162 [info] Added views:terminal in terminal
2023-05-25 14:17:55.162 [info] Added views:outline in workbench.view.explorer
2023-05-25 14:17:55.162 [info] Added views:workbench.scm in workbench.view.scm
2023-05-25 14:17:55.162 [info] Added views:workbench.view.search in workbench.view.search
2023-05-25 14:17:55.162 [info] Added views:timeline in workbench.view.explorer
2023-05-25 14:17:55.162 [info] Added views:workbench.explorer.fileView in workbench.view.explorer
2023-05-25 14:17:55.470 [info] Added views:workbench.debug.welcome in workbench.view.debug
2023-05-25 14:17:56.724 [info] Added views:workbench.panel.repl.view in workbench.panel.repl
2023-05-25 14:19:02.555 [info] Added views:workbench.views.extensions.installed,workbench.views.extensions.popular,extensions.recommendedList in workbench.view.extensions
2023-05-25 14:19:02.559 [info] Removed views:workbench.views.extensions.popular from workbench.view.extensions
2023-05-25 14:19:04.556 [info] Removed views:extensions.recommendedList,workbench.views.extensions.installed from workbench.view.extensions
2023-05-25 14:19:04.574 [info] Added views:workbench.views.extensions.marketplace in workbench.view.extensions
2023-05-25 14:19:14.114 [info] Added views:targetsContainers,devVolumes in workbench.view.remote
