2023-05-25 13:54:39.966 [info] Getting Manifest... zhuangtongfa.material-theme
2023-05-25 13:54:39.976 [info] Installing extension: zhuangtongfa.material-theme
2023-05-25 13:54:44.305 [info] Extension signature is verified: zhuangtongfa.material-theme
2023-05-25 13:54:44.386 [info] Extracted extension to /home/k1bas4r0/.vscode/extensions/.0878be57-5d41-49a1-9e0f-6b4b16d2a621: zhuangtongfa.material-theme
2023-05-25 13:54:44.417 [info] Renamed to /home/k1bas4r0/.vscode/extensions/zhuangtongfa.material-theme-3.15.14
2023-05-25 13:54:44.419 [info] Extracting extension completed. zhuangtongfa.material-theme
2023-05-25 13:54:44.444 [info] Extension installed successfully: zhuangtongfa.material-theme
2023-05-25 13:58:14.413 [info] Getting Manifest... pkief.material-icon-theme
2023-05-25 13:58:14.425 [info] Installing extension: pkief.material-icon-theme
2023-05-25 13:58:16.598 [info] Extension signature is verified: pkief.material-icon-theme
2023-05-25 13:58:17.036 [info] Extracted extension to /home/k1bas4r0/.vscode/extensions/.5c3b7ef3-bf54-4d54-bd2a-427c0d04d69d: pkief.material-icon-theme
2023-05-25 13:58:17.093 [info] Renamed to /home/k1bas4r0/.vscode/extensions/pkief.material-icon-theme-4.27.0
2023-05-25 13:58:17.098 [info] Extracting extension completed. pkief.material-icon-theme
2023-05-25 13:58:17.129 [info] Extension installed successfully: pkief.material-icon-theme
2023-05-25 13:58:36.871 [info] Getting Manifest... usernamehw.errorlens
2023-05-25 13:58:36.876 [info] Installing extension: usernamehw.errorlens
2023-05-25 13:58:38.809 [info] Extension signature is verified: usernamehw.errorlens
2023-05-25 13:58:38.824 [info] Extracted extension to /home/k1bas4r0/.vscode/extensions/.756cdf76-6ee3-42b2-aa4a-05dc6e9269ef: usernamehw.errorlens
2023-05-25 13:58:38.899 [info] Renamed to /home/k1bas4r0/.vscode/extensions/usernamehw.errorlens-3.11.0
2023-05-25 13:58:38.905 [info] Extracting extension completed. usernamehw.errorlens
2023-05-25 13:58:38.947 [info] Extension installed successfully: usernamehw.errorlens
2023-05-25 13:59:54.203 [info] Getting Manifest... anteprimorac.html-end-tag-labels
2023-05-25 13:59:54.207 [info] Installing extension: anteprimorac.html-end-tag-labels
2023-05-25 13:59:56.320 [info] Extension signature is verified: anteprimorac.html-end-tag-labels
2023-05-25 13:59:56.579 [info] Extracted extension to /home/k1bas4r0/.vscode/extensions/.ec20440c-6b45-47ba-b44a-4e3a78e195a8: anteprimorac.html-end-tag-labels
2023-05-25 13:59:56.646 [info] Renamed to /home/k1bas4r0/.vscode/extensions/anteprimorac.html-end-tag-labels-0.11.0
2023-05-25 13:59:56.650 [info] Extracting extension completed. anteprimorac.html-end-tag-labels
2023-05-25 13:59:56.684 [info] Extension installed successfully: anteprimorac.html-end-tag-labels
2023-05-25 14:00:10.319 [info] Getting Manifest... vscodevim.vim
2023-05-25 14:00:10.329 [info] Installing extension: vscodevim.vim
2023-05-25 14:00:12.418 [info] Extension signature is verified: vscodevim.vim
2023-05-25 14:00:12.449 [info] Extracted extension to /home/k1bas4r0/.vscode/extensions/.3ba5e44f-a2b5-4cc3-821d-869676fe13c0: vscodevim.vim
2023-05-25 14:00:12.544 [info] Renamed to /home/k1bas4r0/.vscode/extensions/vscodevim.vim-1.25.2
2023-05-25 14:00:12.548 [info] Extracting extension completed. vscodevim.vim
2023-05-25 14:00:12.581 [info] Extension installed successfully: vscodevim.vim
2023-05-25 14:00:44.741 [info] Getting Manifest... esbenp.prettier-vscode
2023-05-25 14:00:44.750 [info] Installing extension: esbenp.prettier-vscode
2023-05-25 14:00:47.810 [info] Extension signature is verified: esbenp.prettier-vscode
2023-05-25 14:00:47.888 [info] Extracted extension to /home/k1bas4r0/.vscode/extensions/.e2d52a84-2a79-4d7a-afff-2b84b14a2f24: esbenp.prettier-vscode
2023-05-25 14:00:48.030 [info] Renamed to /home/k1bas4r0/.vscode/extensions/esbenp.prettier-vscode-9.13.0
2023-05-25 14:00:48.033 [info] Extracting extension completed. esbenp.prettier-vscode
2023-05-25 14:00:48.054 [info] Extension installed successfully: esbenp.prettier-vscode
2023-05-25 14:03:09.043 [info] Getting Manifest... teabyii.ayu
2023-05-25 14:03:09.052 [info] Installing extension: teabyii.ayu
2023-05-25 14:03:11.129 [info] Extension signature is verified: teabyii.ayu
2023-05-25 14:03:11.230 [info] Extracted extension to /home/k1bas4r0/.vscode/extensions/.9058a091-b9d6-43ff-94bf-d4940457436f: teabyii.ayu
2023-05-25 14:03:11.282 [info] Renamed to /home/k1bas4r0/.vscode/extensions/teabyii.ayu-1.0.5
2023-05-25 14:03:11.284 [info] Extracting extension completed. teabyii.ayu
2023-05-25 14:03:11.318 [info] Extension installed successfully: teabyii.ayu
2023-05-25 14:04:29.194 [info] Getting Manifest... skyran.js-jsx-snippets
2023-05-25 14:04:29.199 [info] Installing extension: skyran.js-jsx-snippets
2023-05-25 14:04:30.983 [info] Extension signature is verified: skyran.js-jsx-snippets
2023-05-25 14:04:30.991 [info] Extracted extension to /home/k1bas4r0/.vscode/extensions/.3b8f1a87-8685-4043-ba8f-684c3db22414: skyran.js-jsx-snippets
2023-05-25 14:04:31.041 [info] Renamed to /home/k1bas4r0/.vscode/extensions/skyran.js-jsx-snippets-11.0.1
2023-05-25 14:04:31.043 [info] Extracting extension completed. skyran.js-jsx-snippets
2023-05-25 14:04:31.066 [info] Extension installed successfully: skyran.js-jsx-snippets
2023-05-25 14:05:33.887 [info] Getting Manifest... vincaslt.highlight-matching-tag
2023-05-25 14:05:33.897 [info] Installing extension: vincaslt.highlight-matching-tag
2023-05-25 14:05:35.607 [info] Extension signature is verified: vincaslt.highlight-matching-tag
2023-05-25 14:05:35.619 [info] Extracted extension to /home/k1bas4r0/.vscode/extensions/.aae5a04d-90b2-401c-945c-0ddff1008f25: vincaslt.highlight-matching-tag
2023-05-25 14:05:35.671 [info] Renamed to /home/k1bas4r0/.vscode/extensions/vincaslt.highlight-matching-tag-0.11.0
2023-05-25 14:05:35.674 [info] Extracting extension completed. vincaslt.highlight-matching-tag
2023-05-25 14:05:35.708 [info] Extension installed successfully: vincaslt.highlight-matching-tag
2023-05-25 14:06:49.178 [info] Getting Manifest... njqdev.vscode-python-typehint
2023-05-25 14:06:49.186 [info] Installing extension: njqdev.vscode-python-typehint
2023-05-25 14:06:51.323 [info] Extension signature is verified: njqdev.vscode-python-typehint
2023-05-25 14:06:51.332 [info] Extracted extension to /home/k1bas4r0/.vscode/extensions/.93588bfe-5492-4591-b4dc-5fb2e63cc665: njqdev.vscode-python-typehint
2023-05-25 14:06:51.384 [info] Renamed to /home/k1bas4r0/.vscode/extensions/njqdev.vscode-python-typehint-1.5.1
2023-05-25 14:06:51.387 [info] Extracting extension completed. njqdev.vscode-python-typehint
2023-05-25 14:06:51.421 [info] Extension installed successfully: njqdev.vscode-python-typehint
2023-05-25 14:06:52.629 [info] Uninstalling extension from the profile: njqdev.vscode-python-typehint@1.5.1 vscode-userdata:/home/k1bas4r0/.vscode/extensions/extensions.json
2023-05-25 14:06:52.705 [info] Marked extension as uninstalled njqdev.vscode-python-typehint-1.5.1
2023-05-25 14:06:52.919 [info] Successfully uninstalled extension from the profile njqdev.vscode-python-typehint@1.5.1 vscode-userdata:/home/k1bas4r0/.vscode/extensions/extensions.json
2023-05-25 14:06:54.260 [info] Getting Manifest... magicstack.magicpython
2023-05-25 14:06:54.265 [info] Installing extension: magicstack.magicpython
2023-05-25 14:06:56.156 [info] Extension signature is verified: magicstack.magicpython
2023-05-25 14:06:56.320 [info] Extracted extension to /home/k1bas4r0/.vscode/extensions/.01d5342a-ed8a-41b7-9430-6e5edcbc3d07: magicstack.magicpython
2023-05-25 14:06:56.370 [info] Renamed to /home/k1bas4r0/.vscode/extensions/magicstack.magicpython-1.1.0
2023-05-25 14:06:56.372 [info] Extracting extension completed. magicstack.magicpython
2023-05-25 14:06:56.408 [info] Extension installed successfully: magicstack.magicpython
2023-05-25 14:07:22.576 [info] Getting Manifest... evgeniypeshkov.syntax-highlighter
2023-05-25 14:07:22.583 [info] Installing extension: evgeniypeshkov.syntax-highlighter
2023-05-25 14:07:25.103 [info] Extension signature is verified: evgeniypeshkov.syntax-highlighter
2023-05-25 14:07:25.199 [info] Extracted extension to /home/k1bas4r0/.vscode/extensions/.adb2fc7d-1ea3-435a-99d5-5aa37b10e544: evgeniypeshkov.syntax-highlighter
2023-05-25 14:07:25.247 [info] Renamed to /home/k1bas4r0/.vscode/extensions/evgeniypeshkov.syntax-highlighter-0.5.0
2023-05-25 14:07:25.249 [info] Extracting extension completed. evgeniypeshkov.syntax-highlighter
2023-05-25 14:07:25.272 [info] Extension installed successfully: evgeniypeshkov.syntax-highlighter
2023-05-25 14:07:50.849 [info] Getting Manifest... ms-python.python
2023-05-25 14:07:50.861 [info] Installing extension: ms-python.python
2023-05-25 14:07:51.247 [info] Getting Manifest... ms-python.vscode-pylance
2023-05-25 14:07:51.312 [info] Installing extension: ms-python.vscode-pylance ms-python.python
2023-05-25 14:07:57.609 [info] Extension signature is verified: ms-python.python
2023-05-25 14:07:58.911 [info] Extracted extension to /home/k1bas4r0/.vscode/extensions/.ed227573-922e-4722-88fc-1a0d151cfb3a: ms-python.python
2023-05-25 14:07:58.990 [info] Renamed to /home/k1bas4r0/.vscode/extensions/ms-python.python-2023.8.0
2023-05-25 14:07:58.998 [info] Extracting extension completed. ms-python.python
2023-05-25 14:08:03.683 [info] Extension signature is verified: ms-python.vscode-pylance
2023-05-25 14:08:05.938 [info] Extracted extension to /home/k1bas4r0/.vscode/extensions/.00061733-08a5-4c7b-b449-f113e22bb7ed: ms-python.vscode-pylance
2023-05-25 14:08:06.320 [info] Renamed to /home/k1bas4r0/.vscode/extensions/ms-python.vscode-pylance-2023.5.40
2023-05-25 14:08:06.322 [info] Extracting extension completed. ms-python.vscode-pylance
2023-05-25 14:08:06.367 [info] Extension installed successfully: ms-python.python
2023-05-25 14:08:06.367 [info] Extension installed successfully: ms-python.vscode-pylance
2023-05-25 14:13:31.476 [info] Uninstalling extension from the profile: vscodevim.vim@1.25.2 vscode-userdata:/home/k1bas4r0/.vscode/extensions/extensions.json
2023-05-25 14:13:31.591 [info] Marked extension as uninstalled vscodevim.vim-1.25.2
2023-05-25 14:13:31.792 [info] Successfully uninstalled extension from the profile vscodevim.vim@1.25.2 vscode-userdata:/home/k1bas4r0/.vscode/extensions/extensions.json
2023-05-25 14:13:42.500 [info] Getting Manifest... vscodevim.vim
2023-05-25 14:13:42.507 [info] Installing extension: vscodevim.vim
2023-05-25 14:13:44.040 [info] Extension signature is verified: vscodevim.vim
2023-05-25 14:13:44.082 [info] Removed the extension from uninstalled list: vscodevim.vim
2023-05-25 14:13:44.129 [info] Extension installed successfully: vscodevim.vim
2023-05-25 14:19:11.389 [info] Getting Manifest... ms-vscode-remote.remote-containers
2023-05-25 14:19:11.395 [info] Installing extension: ms-vscode-remote.remote-containers
2023-05-25 14:19:13.819 [info] Extension signature is verified: ms-vscode-remote.remote-containers
2023-05-25 14:19:13.961 [info] Extracted extension to /home/k1bas4r0/.vscode/extensions/.58921777-290f-42ab-a4a3-c7b9ac2c32da: ms-vscode-remote.remote-containers
2023-05-25 14:19:13.986 [info] Renamed to /home/k1bas4r0/.vscode/extensions/ms-vscode-remote.remote-containers-0.292.0
2023-05-25 14:19:13.989 [info] Extracting extension completed. ms-vscode-remote.remote-containers
2023-05-25 14:19:14.012 [info] Extension installed successfully: ms-vscode-remote.remote-containers
