2023-05-25 13:39:23.795 [info] Reading sessions from keychain...
2023-05-25 13:39:23.795 [info] Getting sessions for all scopes...
2023-05-25 13:39:23.795 [info] Getting sessions for all scopes...
2023-05-25 13:39:23.795 [info] Got 0 sessions for ...
2023-05-25 13:39:23.795 [info] Got 0 sessions for ...
2023-05-25 13:39:23.795 [info] Getting sessions for user:email...
2023-05-25 13:39:23.795 [info] Got 0 sessions for user:email...
2023-05-25 13:39:24.132 [info] Getting sessions for all scopes...
2023-05-25 13:39:24.132 [info] Got 0 sessions for ...
2023-05-25 13:42:05.808 [info] Reading sessions from keychain...
2023-05-25 13:42:05.808 [info] Getting sessions for all scopes...
2023-05-25 13:42:05.808 [info] Got 0 sessions for ...
2023-05-25 13:42:05.808 [info] Getting sessions for user:email...
2023-05-25 13:42:05.808 [info] Got 0 sessions for user:email...
2023-05-25 13:42:05.808 [info] Getting sessions for all scopes...
2023-05-25 13:42:05.808 [info] Got 0 sessions for ...
2023-05-25 13:42:05.929 [info] Getting sessions for all scopes...
2023-05-25 13:42:05.929 [info] Got 0 sessions for ...
2023-05-25 14:13:37.339 [info] Reading sessions from keychain...
2023-05-25 14:13:37.339 [info] Getting sessions for all scopes...
2023-05-25 14:13:37.339 [info] Getting sessions for user:email...
2023-05-25 14:13:37.339 [info] Got 0 sessions for ...
2023-05-25 14:13:37.339 [info] Got 0 sessions for user:email...
2023-05-25 14:13:37.345 [info] Getting sessions for all scopes...
2023-05-25 14:13:37.345 [info] Got 0 sessions for ...
2023-05-25 14:13:37.368 [info] Getting sessions for all scopes...
2023-05-25 14:13:37.368 [info] Got 0 sessions for ...
2023-05-25 14:17:56.899 [info] Reading sessions from keychain...
2023-05-25 14:17:56.899 [info] Getting sessions for all scopes...
2023-05-25 14:17:56.899 [info] Getting sessions for user:email...
2023-05-25 14:17:56.899 [info] Got 0 sessions for ...
2023-05-25 14:17:56.899 [info] Got 0 sessions for user:email...
2023-05-25 14:17:57.542 [info] Getting sessions for all scopes...
2023-05-25 14:17:57.542 [info] Got 0 sessions for ...
